Flow report for computador_simplificado
Fri Nov 18 09:58:31 2022
Quartus II 64-Bit Version 13.0.1 Build 232 06/12/2013 Service Pack 1 SJ Web Edition


---------------------
; Table of Contents ;
---------------------
  1. Legal Notice
  2. Flow Summary
  3. Flow Settings
  4. Flow Non-Default Global Settings
  5. Flow Elapsed Time
  6. Flow OS Summary
  7. Flow Log
  8. Flow Messages
  9. Flow Suppressed Messages



----------------
; Legal Notice ;
----------------
Copyright (C) 1991-2013 Altera Corporation
Your use of Altera Corporation's design tools, logic functions 
and other software and tools, and its AMPP partner logic 
functions, and any output files from any of the foregoing 
(including device programming or simulation files), and any 
associated documentation or information are expressly subject 
to the terms and conditions of the Altera Program License 
Subscription Agreement, Altera MegaCore Function License 
Agreement, or other applicable license agreement, including, 
without limitation, that your use is for the sole purpose of 
programming logic devices manufactured by Altera and sold by 
Altera or its authorized distributors.  Please refer to the 
applicable agreement for further details.



+--------------------------------------------------------------------------------------+
; Flow Summary                                                                         ;
+------------------------------------+-------------------------------------------------+
; Flow Status                        ; Successful - Fri Nov 18 09:58:31 2022           ;
; Quartus II 64-Bit Version          ; 13.0.1 Build 232 06/12/2013 SP 1 SJ Web Edition ;
; Revision Name                      ; computador_simplificado                         ;
; Top-level Entity Name              ; computador_simplificado                         ;
; Family                             ; Cyclone II                                      ;
; Device                             ; EP2C20F484C7                                    ;
; Timing Models                      ; Final                                           ;
; Total logic elements               ; 479 / 18,752 ( 3 % )                            ;
;     Total combinational functions  ; 448 / 18,752 ( 2 % )                            ;
;     Dedicated logic registers      ; 96 / 18,752 ( < 1 % )                           ;
; Total registers                    ; 96                                              ;
; Total pins                         ; 54 / 315 ( 17 % )                               ;
; Total virtual pins                 ; 0                                               ;
; Total memory bits                  ; 0 / 239,616 ( 0 % )                             ;
; Embedded Multiplier 9-bit elements ; 0 / 52 ( 0 % )                                  ;
; Total PLLs                         ; 0 / 4 ( 0 % )                                   ;
+------------------------------------+-------------------------------------------------+


+---------------------------------------------+
; Flow Settings                               ;
+-------------------+-------------------------+
; Option            ; Setting                 ;
+-------------------+-------------------------+
; Start date & time ; 11/18/2022 09:45:35     ;
; Main task         ; Compilation             ;
; Revision Name     ; computador_simplificado ;
+-------------------+-------------------------+


+----------------------------------------------------------------------------------------------------------------------------------------------------------------------+
; Flow Non-Default Global Settings                                                                                                                                     ;
+-------------------------------------+---------------------------------------------------------------------------------+---------------+-------------+----------------+
; Assignment Name                     ; Value                                                                           ; Default Value ; Entity Name ; Section Id     ;
+-------------------------------------+---------------------------------------------------------------------------------+---------------+-------------+----------------+
; COMPILER_SIGNATURE_ID               ; 194042959294664.166877553563160                                                 ; --            ; --          ; --             ;
; EDA_GENERATE_FUNCTIONAL_NETLIST     ; On                                                                              ; --            ; --          ; eda_simulation ;
; EDA_OUTPUT_DATA_FORMAT              ; Verilog Hdl                                                                     ; --            ; --          ; eda_simulation ;
; EDA_SIMULATION_TOOL                 ; ModelSim-Altera (Verilog)                                                       ; <None>        ; --          ; --             ;
; MAX_CORE_JUNCTION_TEMP              ; 85                                                                              ; --            ; --          ; --             ;
; MIN_CORE_JUNCTION_TEMP              ; 0                                                                               ; --            ; --          ; --             ;
; PARTITION_COLOR                     ; 16764057                                                                        ; --            ; --          ; Top            ;
; PARTITION_FITTER_PRESERVATION_LEVEL ; PLACEMENT_AND_ROUTING                                                           ; --            ; --          ; Top            ;
; PARTITION_NETLIST_TYPE              ; SOURCE                                                                          ; --            ; --          ; Top            ;
; POWER_BOARD_THERMAL_MODEL           ; None (CONSERVATIVE)                                                             ; --            ; --          ; --             ;
; POWER_PRESET_COOLING_SOLUTION       ; 23 MM HEAT SINK WITH 200 LFPM AIRFLOW                                           ; --            ; --          ; --             ;
; PROJECT_OUTPUT_DIRECTORY            ; output_files                                                                    ; --            ; --          ; --             ;
; SEARCH_PATH                         ; c:\users\mateu\documentos unicamp\2022-2\ea773\projeto\memprog                  ; --            ; --          ; --             ;
; SEARCH_PATH                         ; c:\users\mateu\documentos unicamp\2022-2\ea773\lab5\decoderbin_oneh             ; --            ; --          ; --             ;
; SEARCH_PATH                         ; c:\users\mateu\documentos unicamp\2022-2\ea773\lab4\bus_ula                     ; --            ; --          ; --             ;
; SEARCH_PATH                         ; c:\users\mateu\documentos unicamp\2022-2\ea773\lab4\decodificador_7seg          ; --            ; --          ; --             ;
; SEARCH_PATH                         ; c:\users\mateu\documentos unicamp\2022-2\ea773\lab4\bus_tristate                ; --            ; --          ; --             ;
; SEARCH_PATH                         ; c:\users\mateu\documentos unicamp\2022-2\ea773\lab2\ula_restored                ; --            ; --          ; --             ;
; SEARCH_PATH                         ; c:\users\mateu\documentos unicamp\2022-2\ea773\lab3\contador_mod16_restored     ; --            ; --          ; --             ;
; SEARCH_PATH                         ; c:\users\mateu\documentos unicamp\2022-2\ea773\lab3\contador_mod256             ; --            ; --          ; --             ;
; SEARCH_PATH                         ; c:\users\mateu\documentos unicamp\2022-2\ea773\lab3\registrador_4_bits_restored ; --            ; --          ; --             ;
; SEARCH_PATH                         ; c:\users\mateu\documentos unicamp\2022-2\ea773\projeto\ram_restored             ; --            ; --          ; --             ;
; SEARCH_PATH                         ; c:\users\mateu\documentos unicamp\2022-2\ea773\projeto\cpu                      ; --            ; --          ; --             ;
+-------------------------------------+---------------------------------------------------------------------------------+---------------+-------------+----------------+


+-------------------------------------------------------------------------------------------------------------------------------+
; Flow Elapsed Time                                                                                                             ;
+---------------------------+--------------+-------------------------+---------------------+------------------------------------+
; Module Name               ; Elapsed Time ; Average Processors Used ; Peak Virtual Memory ; Total CPU Time (on all processors) ;
+---------------------------+--------------+-------------------------+---------------------+------------------------------------+
; Analysis & Synthesis      ; 00:00:06     ; 1.0                     ; 4588 MB             ; 00:00:05                           ;
; Fitter                    ; 00:00:05     ; 1.0                     ; 4846 MB             ; 00:00:06                           ;
; Assembler                 ; 00:00:01     ; 1.0                     ; 4551 MB             ; 00:00:01                           ;
; TimeQuest Timing Analyzer ; 00:00:01     ; 1.0                     ; 4556 MB             ; 00:00:01                           ;
; EDA Netlist Writer        ; 00:00:01     ; 1.0                     ; 4507 MB             ; 00:00:00                           ;
; EDA Netlist Writer        ; 00:00:01     ; 1.0                     ; 4515 MB             ; 00:00:01                           ;
; EDA Netlist Writer        ; 00:00:00     ; 1.0                     ; 4520 MB             ; 00:00:01                           ;
; EDA Netlist Writer        ; 00:00:01     ; 1.0                     ; 4515 MB             ; 00:00:01                           ;
; EDA Netlist Writer        ; 00:00:01     ; 1.0                     ; 4520 MB             ; 00:00:01                           ;
; Total                     ; 00:00:17     ; --                      ; --                  ; 00:00:17                           ;
+---------------------------+--------------+-------------------------+---------------------+------------------------------------+


+----------------------------------------------------------------------------------------+
; Flow OS Summary                                                                        ;
+---------------------------+------------------+-----------+------------+----------------+
; Module Name               ; Machine Hostname ; OS Name   ; OS Version ; Processor type ;
+---------------------------+------------------+-----------+------------+----------------+
; Analysis & Synthesis      ; DESKTOP-KSDIOPD  ; Windows 7 ; 6.2        ; x86_64         ;
; Fitter                    ; DESKTOP-KSDIOPD  ; Windows 7 ; 6.2        ; x86_64         ;
; Assembler                 ; DESKTOP-KSDIOPD  ; Windows 7 ; 6.2        ; x86_64         ;
; TimeQuest Timing Analyzer ; DESKTOP-KSDIOPD  ; Windows 7 ; 6.2        ; x86_64         ;
; EDA Netlist Writer        ; DESKTOP-KSDIOPD  ; Windows 7 ; 6.2        ; x86_64         ;
; EDA Netlist Writer        ; DESKTOP-KSDIOPD  ; Windows 7 ; 6.2        ; x86_64         ;
; EDA Netlist Writer        ; DESKTOP-KSDIOPD  ; Windows 7 ; 6.2        ; x86_64         ;
; EDA Netlist Writer        ; DESKTOP-KSDIOPD  ; Windows 7 ; 6.2        ; x86_64         ;
; EDA Netlist Writer        ; DESKTOP-KSDIOPD  ; Windows 7 ; 6.2        ; x86_64         ;
+---------------------------+------------------+-----------+------------+----------------+


------------
; Flow Log ;
------------
quartus_map --read_settings_files=on --write_settings_files=off computador_simplificado -c computador_simplificado
quartus_fit --read_settings_files=off --write_settings_files=off computador_simplificado -c computador_simplificado
quartus_asm --read_settings_files=off --write_settings_files=off computador_simplificado -c computador_simplificado
quartus_sta computador_simplificado -c computador_simplificado
quartus_eda --read_settings_files=off --write_settings_files=off computador_simplificado -c computador_simplificado
quartus_eda --gen_testbench --check_outputs=on --tool=modelsim_oem --format=verilog computador_simplificado -c computador_simplificado --vector_source="C:/Users/mateu/Documentos Unicamp/2022-2/EA773/Projeto/computador_simplificado/WaveformPA.vwf" --testbench_file=./simulation/qsim/computador_simplificado.vt
quartus_eda --functional=on --simulation=on --tool=modelsim_oem --format=verilog computador_simplificado -c computador_simplificado
quartus_eda --gen_testbench --check_outputs=on --tool=modelsim_oem --format=verilog computador_simplificado -c computador_simplificado --vector_source="C:/Users/mateu/Documentos Unicamp/2022-2/EA773/Projeto/computador_simplificado/WaveformPA.vwf" --testbench_file=./simulation/qsim/computador_simplificado.vt
quartus_eda --functional=on --simulation=on --tool=modelsim_oem --format=verilog computador_simplificado -c computador_simplificado



