Analysis & Synthesis report for rom_4blocks
Sun Oct 23 10:29:02 2022
Quartus II 64-Bit Version 13.0.1 Build 232 06/12/2013 Service Pack 1 SJ Web Edition


---------------------
; Table of Contents ;
---------------------
  1. Legal Notice
  2. Analysis & Synthesis Summary
  3. Analysis & Synthesis Settings
  4. Parallel Compilation
  5. Analysis & Synthesis Source Files Read
  6. Analysis & Synthesis Resource Usage Summary
  7. Analysis & Synthesis Resource Utilization by Entity
  8. General Register Statistics
  9. Elapsed Time Per Partition
 10. Analysis & Synthesis Messages



----------------
; Legal Notice ;
----------------
Copyright (C) 1991-2013 Altera Corporation
Your use of Altera Corporation's design tools, logic functions 
and other software and tools, and its AMPP partner logic 
functions, and any output files from any of the foregoing 
(including device programming or simulation files), and any 
associated documentation or information are expressly subject 
to the terms and conditions of the Altera Program License 
Subscription Agreement, Altera MegaCore Function License 
Agreement, or other applicable license agreement, including, 
without limitation, that your use is for the sole purpose of 
programming logic devices manufactured by Altera and sold by 
Altera or its authorized distributors.  Please refer to the 
applicable agreement for further details.



+--------------------------------------------------------------------------------------+
; Analysis & Synthesis Summary                                                         ;
+------------------------------------+-------------------------------------------------+
; Analysis & Synthesis Status        ; Successful - Sun Oct 23 10:29:02 2022           ;
; Quartus II 64-Bit Version          ; 13.0.1 Build 232 06/12/2013 SP 1 SJ Web Edition ;
; Revision Name                      ; rom_4blocks                                     ;
; Top-level Entity Name              ; rom_4blocks                                     ;
; Family                             ; Cyclone II                                      ;
; Total logic elements               ; 95                                              ;
;     Total combinational functions  ; 95                                              ;
;     Dedicated logic registers      ; 0                                               ;
; Total registers                    ; 0                                               ;
; Total pins                         ; 17                                              ;
; Total virtual pins                 ; 0                                               ;
; Total memory bits                  ; 0                                               ;
; Embedded Multiplier 9-bit elements ; 0                                               ;
; Total PLLs                         ; 0                                               ;
+------------------------------------+-------------------------------------------------+


+----------------------------------------------------------------------------------------------------------------------+
; Analysis & Synthesis Settings                                                                                        ;
+----------------------------------------------------------------------------+--------------------+--------------------+
; Option                                                                     ; Setting            ; Default Value      ;
+----------------------------------------------------------------------------+--------------------+--------------------+
; Device                                                                     ; EP2C20F484C7       ;                    ;
; Top-level entity name                                                      ; rom_4blocks        ; rom_4blocks        ;
; Family name                                                                ; Cyclone II         ; Cyclone IV GX      ;
; Use smart compilation                                                      ; Off                ; Off                ;
; Enable parallel Assembler and TimeQuest Timing Analyzer during compilation ; On                 ; On                 ;
; Enable compact report table                                                ; Off                ; Off                ;
; Restructure Multiplexers                                                   ; Auto               ; Auto               ;
; Create Debugging Nodes for IP Cores                                        ; Off                ; Off                ;
; Preserve fewer node names                                                  ; On                 ; On                 ;
; Disable OpenCore Plus hardware evaluation                                  ; Off                ; Off                ;
; Verilog Version                                                            ; Verilog_2001       ; Verilog_2001       ;
; VHDL Version                                                               ; VHDL_1993          ; VHDL_1993          ;
; State Machine Processing                                                   ; Auto               ; Auto               ;
; Safe State Machine                                                         ; Off                ; Off                ;
; Extract Verilog State Machines                                             ; On                 ; On                 ;
; Extract VHDL State Machines                                                ; On                 ; On                 ;
; Ignore Verilog initial constructs                                          ; Off                ; Off                ;
; Iteration limit for constant Verilog loops                                 ; 5000               ; 5000               ;
; Iteration limit for non-constant Verilog loops                             ; 250                ; 250                ;
; Add Pass-Through Logic to Inferred RAMs                                    ; On                 ; On                 ;
; Infer RAMs from Raw Logic                                                  ; On                 ; On                 ;
; Parallel Synthesis                                                         ; On                 ; On                 ;
; DSP Block Balancing                                                        ; Auto               ; Auto               ;
; NOT Gate Push-Back                                                         ; On                 ; On                 ;
; Power-Up Don't Care                                                        ; On                 ; On                 ;
; Remove Redundant Logic Cells                                               ; Off                ; Off                ;
; Remove Duplicate Registers                                                 ; On                 ; On                 ;
; Ignore CARRY Buffers                                                       ; Off                ; Off                ;
; Ignore CASCADE Buffers                                                     ; Off                ; Off                ;
; Ignore GLOBAL Buffers                                                      ; Off                ; Off                ;
; Ignore ROW GLOBAL Buffers                                                  ; Off                ; Off                ;
; Ignore LCELL Buffers                                                       ; Off                ; Off                ;
; Ignore SOFT Buffers                                                        ; On                 ; On                 ;
; Limit AHDL Integers to 32 Bits                                             ; Off                ; Off                ;
; Optimization Technique                                                     ; Balanced           ; Balanced           ;
; Carry Chain Length                                                         ; 70                 ; 70                 ;
; Auto Carry Chains                                                          ; On                 ; On                 ;
; Auto Open-Drain Pins                                                       ; On                 ; On                 ;
; Perform WYSIWYG Primitive Resynthesis                                      ; Off                ; Off                ;
; Auto ROM Replacement                                                       ; On                 ; On                 ;
; Auto RAM Replacement                                                       ; On                 ; On                 ;
; Auto Shift Register Replacement                                            ; Auto               ; Auto               ;
; Allow Shift Register Merging across Hierarchies                            ; Auto               ; Auto               ;
; Auto Clock Enable Replacement                                              ; On                 ; On                 ;
; Strict RAM Replacement                                                     ; Off                ; Off                ;
; Allow Synchronous Control Signals                                          ; On                 ; On                 ;
; Force Use of Synchronous Clear Signals                                     ; Off                ; Off                ;
; Auto RAM to Logic Cell Conversion                                          ; Off                ; Off                ;
; Auto Resource Sharing                                                      ; Off                ; Off                ;
; Allow Any RAM Size For Recognition                                         ; Off                ; Off                ;
; Allow Any ROM Size For Recognition                                         ; Off                ; Off                ;
; Allow Any Shift Register Size For Recognition                              ; Off                ; Off                ;
; Use LogicLock Constraints during Resource Balancing                        ; On                 ; On                 ;
; Ignore translate_off and synthesis_off directives                          ; Off                ; Off                ;
; Timing-Driven Synthesis                                                    ; Off                ; Off                ;
; Report Parameter Settings                                                  ; On                 ; On                 ;
; Report Source Assignments                                                  ; On                 ; On                 ;
; Report Connectivity Checks                                                 ; On                 ; On                 ;
; Ignore Maximum Fan-Out Assignments                                         ; Off                ; Off                ;
; Synchronization Register Chain Length                                      ; 2                  ; 2                  ;
; PowerPlay Power Optimization                                               ; Normal compilation ; Normal compilation ;
; HDL message level                                                          ; Level2             ; Level2             ;
; Suppress Register Optimization Related Messages                            ; Off                ; Off                ;
; Number of Removed Registers Reported in Synthesis Report                   ; 5000               ; 5000               ;
; Number of Swept Nodes Reported in Synthesis Report                         ; 5000               ; 5000               ;
; Number of Inverted Registers Reported in Synthesis Report                  ; 100                ; 100                ;
; Clock MUX Protection                                                       ; On                 ; On                 ;
; Auto Gated Clock Conversion                                                ; Off                ; Off                ;
; Block Design Naming                                                        ; Auto               ; Auto               ;
; SDC constraint protection                                                  ; Off                ; Off                ;
; Synthesis Effort                                                           ; Auto               ; Auto               ;
; Shift Register Replacement - Allow Asynchronous Clear Signal               ; On                 ; On                 ;
; Pre-Mapping Resynthesis Optimization                                       ; Off                ; Off                ;
; Analysis & Synthesis Message Level                                         ; Medium             ; Medium             ;
; Disable Register Merging Across Hierarchies                                ; Auto               ; Auto               ;
; Resource Aware Inference For Block RAM                                     ; On                 ; On                 ;
; Synthesis Seed                                                             ; 1                  ; 1                  ;
+----------------------------------------------------------------------------+--------------------+--------------------+


Parallel compilation was disabled, but you have multiple processors available. Enable parallel compilation to reduce compilation time.
+-------------------------------------+
; Parallel Compilation                ;
+----------------------------+--------+
; Processors                 ; Number ;
+----------------------------+--------+
; Number detected on machine ; 8      ;
; Maximum allowed            ; 1      ;
+----------------------------+--------+


+---------------------------------------------------------------------------------------------------------------------------------------------------------------------------------------------------+
; Analysis & Synthesis Source Files Read                                                                                                                                                            ;
+----------------------------------+-----------------+------------------------------------------+-----------------------------------------------------------------------------------------+---------+
; File Name with User-Entered Path ; Used in Netlist ; File Type                                ; File Name with Absolute Path                                                            ; Library ;
+----------------------------------+-----------------+------------------------------------------+-----------------------------------------------------------------------------------------+---------+
; rom_4blocks.bdf                  ; yes             ; User Block Diagram/Schematic File        ; C:/Users/mateu/Documentos Unicamp/2022-2/EA773/Lab5/rom_4blocks/rom_4blocks.bdf         ;         ;
; rom64x8_2.bdf                    ; yes             ; Auto-Found Block Diagram/Schematic File  ; c:/users/mateu/documentos unicamp/2022-2/ea773/lab5/modulo2/rom64x8_2.bdf               ;         ;
; rom32x8_2.bdf                    ; yes             ; Auto-Found Block Diagram/Schematic File  ; c:/users/mateu/documentos unicamp/2022-2/ea773/lab5/modulo2/rom32x8_2.bdf               ;         ;
; rom16x8_2.bdf                    ; yes             ; Auto-Found Block Diagram/Schematic File  ; c:/users/mateu/documentos unicamp/2022-2/ea773/lab5/modulo2/rom16x8_2.bdf               ;         ;
; rom16x4_2ls.bdf                  ; yes             ; Auto-Found Block Diagram/Schematic File  ; c:/users/mateu/documentos unicamp/2022-2/ea773/lab5/modulo2/rom16x4_2ls.bdf             ;         ;
; decoderbin_oneh.bdf              ; yes             ; Auto-Found Block Diagram/Schematic File  ; c:/users/mateu/documentos unicamp/2022-2/ea773/lab5/decoderbin_oneh/decoderbin_oneh.bdf ;         ;
; rom16x4_2ms.bdf                  ; yes             ; Auto-Found Block Diagram/Schematic File  ; c:/users/mateu/documentos unicamp/2022-2/ea773/lab5/modulo2/rom16x4_2ms.bdf             ;         ;
; rom64x8_1.bdf                    ; yes             ; Auto-Found Block Diagram/Schematic File  ; c:/users/mateu/documentos unicamp/2022-2/ea773/lab5/modulo1/rom64x8_1.bdf               ;         ;
; rom32x8_1.bdf                    ; yes             ; Auto-Found Block Diagram/Schematic File  ; c:/users/mateu/documentos unicamp/2022-2/ea773/lab5/modulo1/rom32x8_1.bdf               ;         ;
; rom16x8_1.bdf                    ; yes             ; Auto-Found Block Diagram/Schematic File  ; c:/users/mateu/documentos unicamp/2022-2/ea773/lab5/modulo1/rom16x8_1.bdf               ;         ;
; rom16x4_1.bdf                    ; yes             ; Auto-Found Block Diagram/Schematic File  ; c:/users/mateu/documentos unicamp/2022-2/ea773/lab5/modulo1/rom16x4_1.bdf               ;         ;
; rom64x8_0.bdf                    ; yes             ; Auto-Found Block Diagram/Schematic File  ; c:/users/mateu/documentos unicamp/2022-2/ea773/lab5/modulo0/rom64x8_0.bdf               ;         ;
; rom32x8_0.bdf                    ; yes             ; Auto-Found Block Diagram/Schematic File  ; c:/users/mateu/documentos unicamp/2022-2/ea773/lab5/modulo0/rom32x8_0.bdf               ;         ;
; rom16x8_0.bdf                    ; yes             ; Auto-Found Block Diagram/Schematic File  ; c:/users/mateu/documentos unicamp/2022-2/ea773/lab5/modulo0/rom16x8_0.bdf               ;         ;
; rom16x4_0.bdf                    ; yes             ; Auto-Found Block Diagram/Schematic File  ; c:/users/mateu/documentos unicamp/2022-2/ea773/lab5/modulo0/rom16x4_0.bdf               ;         ;
; rom64x8_3.bdf                    ; yes             ; Auto-Found Block Diagram/Schematic File  ; c:/users/mateu/documentos unicamp/2022-2/ea773/lab5/modulo3/rom64x8_3.bdf               ;         ;
; rom32x8_3.bdf                    ; yes             ; Auto-Found Block Diagram/Schematic File  ; c:/users/mateu/documentos unicamp/2022-2/ea773/lab5/modulo3/rom32x8_3.bdf               ;         ;
; rom16x8_3.bdf                    ; yes             ; Auto-Found Block Diagram/Schematic File  ; c:/users/mateu/documentos unicamp/2022-2/ea773/lab5/modulo3/rom16x8_3.bdf               ;         ;
; rom16x4_3ls.bdf                  ; yes             ; Auto-Found Block Diagram/Schematic File  ; c:/users/mateu/documentos unicamp/2022-2/ea773/lab5/modulo3/rom16x4_3ls.bdf             ;         ;
; rom16x4_3ms.bdf                  ; yes             ; Auto-Found Block Diagram/Schematic File  ; c:/users/mateu/documentos unicamp/2022-2/ea773/lab5/modulo3/rom16x4_3ms.bdf             ;         ;
+----------------------------------+-----------------+------------------------------------------+-----------------------------------------------------------------------------------------+---------+


+-------------------------------------------------------+
; Analysis & Synthesis Resource Usage Summary           ;
+---------------------------------------------+---------+
; Resource                                    ; Usage   ;
+---------------------------------------------+---------+
; Estimated Total logic elements              ; 95      ;
;                                             ;         ;
; Total combinational functions               ; 95      ;
; Logic element usage by number of LUT inputs ;         ;
;     -- 4 input functions                    ; 79      ;
;     -- 3 input functions                    ; 10      ;
;     -- <=2 input functions                  ; 6       ;
;                                             ;         ;
; Logic elements by mode                      ;         ;
;     -- normal mode                          ; 95      ;
;     -- arithmetic mode                      ; 0       ;
;                                             ;         ;
; Total registers                             ; 0       ;
;     -- Dedicated logic registers            ; 0       ;
;     -- I/O registers                        ; 0       ;
;                                             ;         ;
; I/O pins                                    ; 17      ;
; Embedded Multiplier 9-bit elements          ; 0       ;
; Maximum fan-out node                        ; addr[0] ;
; Maximum fan-out                             ; 23      ;
; Total fan-out                               ; 374     ;
; Average fan-out                             ; 3.34    ;
+---------------------------------------------+---------+


+-----------------------------------------------------------------------------------------------------------------------------------------------------------------------------------------------------------------------------------------------------------------+
; Analysis & Synthesis Resource Utilization by Entity                                                                                                                                                                                                             ;
+---------------------------------------+-------------------+--------------+-------------+--------------+---------+-----------+------+--------------+----------------------------------------------------------------------------------------------+--------------+
; Compilation Hierarchy Node            ; LC Combinationals ; LC Registers ; Memory Bits ; DSP Elements ; DSP 9x9 ; DSP 18x18 ; Pins ; Virtual Pins ; Full Hierarchy Name                                                                          ; Library Name ;
+---------------------------------------+-------------------+--------------+-------------+--------------+---------+-----------+------+--------------+----------------------------------------------------------------------------------------------+--------------+
; |rom_4blocks                          ; 95 (0)            ; 0 (0)        ; 0           ; 0            ; 0       ; 0         ; 17   ; 0            ; |rom_4blocks                                                                                 ; work         ;
;    |rom64x8_0:mod0|                   ; 17 (0)            ; 0 (0)        ; 0           ; 0            ; 0       ; 0         ; 0    ; 0            ; |rom_4blocks|rom64x8_0:mod0                                                                  ; work         ;
;       |rom32x8_0:0a31|                ; 3 (0)             ; 0 (0)        ; 0           ; 0            ; 0       ; 0         ; 0    ; 0            ; |rom_4blocks|rom64x8_0:mod0|rom32x8_0:0a31                                                   ; work         ;
;          |rom16x8_0:0a15|             ; 3 (0)             ; 0 (0)        ; 0           ; 0            ; 0       ; 0         ; 0    ; 0            ; |rom_4blocks|rom64x8_0:mod0|rom32x8_0:0a31|rom16x8_0:0a15                                    ; work         ;
;             |rom16x4_0:MS|            ; 3 (3)             ; 0 (0)        ; 0           ; 0            ; 0       ; 0         ; 0    ; 0            ; |rom_4blocks|rom64x8_0:mod0|rom32x8_0:0a31|rom16x8_0:0a15|rom16x4_0:MS                       ; work         ;
;       |rom32x8_0:32a63|               ; 14 (0)            ; 0 (0)        ; 0           ; 0            ; 0       ; 0         ; 0    ; 0            ; |rom_4blocks|rom64x8_0:mod0|rom32x8_0:32a63                                                  ; work         ;
;          |rom16x8_0:0a15|             ; 14 (0)            ; 0 (0)        ; 0           ; 0            ; 0       ; 0         ; 0    ; 0            ; |rom_4blocks|rom64x8_0:mod0|rom32x8_0:32a63|rom16x8_0:0a15                                   ; work         ;
;             |rom16x4_0:LS|            ; 14 (0)            ; 0 (0)        ; 0           ; 0            ; 0       ; 0         ; 0    ; 0            ; |rom_4blocks|rom64x8_0:mod0|rom32x8_0:32a63|rom16x8_0:0a15|rom16x4_0:LS                      ; work         ;
;                |decoderBIN_ONEH:inst| ; 14 (14)           ; 0 (0)        ; 0           ; 0            ; 0       ; 0         ; 0    ; 0            ; |rom_4blocks|rom64x8_0:mod0|rom32x8_0:32a63|rom16x8_0:0a15|rom16x4_0:LS|decoderBIN_ONEH:inst ; work         ;
;    |rom64x8_1:mod1|                   ; 1 (0)             ; 0 (0)        ; 0           ; 0            ; 0       ; 0         ; 0    ; 0            ; |rom_4blocks|rom64x8_1:mod1                                                                  ; work         ;
;       |rom32x8_1:32a63|               ; 1 (1)             ; 0 (0)        ; 0           ; 0            ; 0       ; 0         ; 0    ; 0            ; |rom_4blocks|rom64x8_1:mod1|rom32x8_1:32a63                                                  ; work         ;
;    |rom64x8_2:mod2|                   ; 73 (0)            ; 0 (0)        ; 0           ; 0            ; 0       ; 0         ; 0    ; 0            ; |rom_4blocks|rom64x8_2:mod2                                                                  ; work         ;
;       |rom32x8_2:0a31|                ; 2 (2)             ; 0 (0)        ; 0           ; 0            ; 0       ; 0         ; 0    ; 0            ; |rom_4blocks|rom64x8_2:mod2|rom32x8_2:0a31                                                   ; work         ;
;       |rom32x8_2:32a63|               ; 71 (4)            ; 0 (0)        ; 0           ; 0            ; 0       ; 0         ; 0    ; 0            ; |rom_4blocks|rom64x8_2:mod2|rom32x8_2:32a63                                                  ; work         ;
;          |rom16x8_2:0a15|             ; 67 (0)            ; 0 (0)        ; 0           ; 0            ; 0       ; 0         ; 0    ; 0            ; |rom_4blocks|rom64x8_2:mod2|rom32x8_2:32a63|rom16x8_2:0a15                                   ; work         ;
;             |rom16x4_2ls:LS|          ; 17 (17)           ; 0 (0)        ; 0           ; 0            ; 0       ; 0         ; 0    ; 0            ; |rom_4blocks|rom64x8_2:mod2|rom32x8_2:32a63|rom16x8_2:0a15|rom16x4_2ls:LS                    ; work         ;
;             |rom16x4_2ms:MS|          ; 50 (50)           ; 0 (0)        ; 0           ; 0            ; 0       ; 0         ; 0    ; 0            ; |rom_4blocks|rom64x8_2:mod2|rom32x8_2:32a63|rom16x8_2:0a15|rom16x4_2ms:MS                    ; work         ;
;    |rom64x8_3:mod3|                   ; 4 (0)             ; 0 (0)        ; 0           ; 0            ; 0       ; 0         ; 0    ; 0            ; |rom_4blocks|rom64x8_3:mod3                                                                  ; work         ;
;       |rom32x8_3:0a31|                ; 2 (2)             ; 0 (0)        ; 0           ; 0            ; 0       ; 0         ; 0    ; 0            ; |rom_4blocks|rom64x8_3:mod3|rom32x8_3:0a31                                                   ; work         ;
;       |rom32x8_3:32a63|               ; 2 (2)             ; 0 (0)        ; 0           ; 0            ; 0       ; 0         ; 0    ; 0            ; |rom_4blocks|rom64x8_3:mod3|rom32x8_3:32a63                                                  ; work         ;
+---------------------------------------+-------------------+--------------+-------------+--------------+---------+-----------+------+--------------+----------------------------------------------------------------------------------------------+--------------+
Note: For table entries with two numbers listed, the numbers in parentheses indicate the number of resources of the given type used by the specific entity alone. The numbers listed outside of parentheses indicate the total resources of the given type used by the specific entity and all of its sub-entities in the hierarchy.


+------------------------------------------------------+
; General Register Statistics                          ;
+----------------------------------------------+-------+
; Statistic                                    ; Value ;
+----------------------------------------------+-------+
; Total registers                              ; 0     ;
; Number of registers using Synchronous Clear  ; 0     ;
; Number of registers using Synchronous Load   ; 0     ;
; Number of registers using Asynchronous Clear ; 0     ;
; Number of registers using Asynchronous Load  ; 0     ;
; Number of registers using Clock Enable       ; 0     ;
; Number of registers using Preset             ; 0     ;
+----------------------------------------------+-------+


+-------------------------------+
; Elapsed Time Per Partition    ;
+----------------+--------------+
; Partition Name ; Elapsed Time ;
+----------------+--------------+
; Top            ; 00:00:00     ;
+----------------+--------------+


+-------------------------------+
; Analysis & Synthesis Messages ;
+-------------------------------+
Info: *******************************************************************
Info: Running Quartus II 64-Bit Analysis & Synthesis
    Info: Version 13.0.1 Build 232 06/12/2013 Service Pack 1 SJ Web Edition
    Info: Processing started: Sun Oct 23 10:29:00 2022
Info: Command: quartus_map --read_settings_files=on --write_settings_files=off rom_4blocks -c rom_4blocks
Warning (20028): Parallel compilation is not licensed and has been disabled
Info (12021): Found 1 design units, including 1 entities, in source file rom_4blocks.bdf
    Info (12023): Found entity 1: rom_4blocks
Info (12127): Elaborating entity "rom_4blocks" for the top level hierarchy
Warning (12125): Using design file /users/mateu/documentos unicamp/2022-2/ea773/lab5/modulo2/rom64x8_2.bdf, which is not specified as a design file for the current project, but contains definitions for 1 design units and 1 entities in project
    Info (12023): Found entity 1: rom64x8_2
Info (12128): Elaborating entity "rom64x8_2" for hierarchy "rom64x8_2:mod2"
Warning (12125): Using design file /users/mateu/documentos unicamp/2022-2/ea773/lab5/modulo2/rom32x8_2.bdf, which is not specified as a design file for the current project, but contains definitions for 1 design units and 1 entities in project
    Info (12023): Found entity 1: rom32x8_2
Info (12128): Elaborating entity "rom32x8_2" for hierarchy "rom64x8_2:mod2|rom32x8_2:32a63"
Warning (12125): Using design file /users/mateu/documentos unicamp/2022-2/ea773/lab5/modulo2/rom16x8_2.bdf, which is not specified as a design file for the current project, but contains definitions for 1 design units and 1 entities in project
    Info (12023): Found entity 1: rom16x8_2
Info (12128): Elaborating entity "rom16x8_2" for hierarchy "rom64x8_2:mod2|rom32x8_2:32a63|rom16x8_2:0a15"
Warning (12125): Using design file /users/mateu/documentos unicamp/2022-2/ea773/lab5/modulo2/rom16x4_2ls.bdf, which is not specified as a design file for the current project, but contains definitions for 1 design units and 1 entities in project
    Info (12023): Found entity 1: rom16x4_2ls
Info (12128): Elaborating entity "rom16x4_2ls" for hierarchy "rom64x8_2:mod2|rom32x8_2:32a63|rom16x8_2:0a15|rom16x4_2ls:LS"
Warning (275011): Block or symbol "TRI" of instance "inst16" overlaps another block or symbol
Warning (275002): No superset bus at connection
Warning (12125): Using design file /users/mateu/documentos unicamp/2022-2/ea773/lab5/decoderbin_oneh/decoderbin_oneh.bdf, which is not specified as a design file for the current project, but contains definitions for 1 design units and 1 entities in project
    Info (12023): Found entity 1: decoderBIN_ONEH
Info (12128): Elaborating entity "decoderBIN_ONEH" for hierarchy "rom64x8_2:mod2|rom32x8_2:32a63|rom16x8_2:0a15|rom16x4_2ls:LS|decoderBIN_ONEH:inst"
Warning (12125): Using design file /users/mateu/documentos unicamp/2022-2/ea773/lab5/modulo2/rom16x4_2ms.bdf, which is not specified as a design file for the current project, but contains definitions for 1 design units and 1 entities in project
    Info (12023): Found entity 1: rom16x4_2ms
Info (12128): Elaborating entity "rom16x4_2ms" for hierarchy "rom64x8_2:mod2|rom32x8_2:32a63|rom16x8_2:0a15|rom16x4_2ms:MS"
Warning (275011): Block or symbol "TRI" of instance "inst16" overlaps another block or symbol
Warning (275002): No superset bus at connection
Warning (12125): Using design file /users/mateu/documentos unicamp/2022-2/ea773/lab5/modulo1/rom64x8_1.bdf, which is not specified as a design file for the current project, but contains definitions for 1 design units and 1 entities in project
    Info (12023): Found entity 1: rom64x8_1
Info (12128): Elaborating entity "rom64x8_1" for hierarchy "rom64x8_1:mod1"
Warning (12125): Using design file /users/mateu/documentos unicamp/2022-2/ea773/lab5/modulo1/rom32x8_1.bdf, which is not specified as a design file for the current project, but contains definitions for 1 design units and 1 entities in project
    Info (12023): Found entity 1: rom32x8_1
Info (12128): Elaborating entity "rom32x8_1" for hierarchy "rom64x8_1:mod1|rom32x8_1:32a63"
Warning (12125): Using design file /users/mateu/documentos unicamp/2022-2/ea773/lab5/modulo1/rom16x8_1.bdf, which is not specified as a design file for the current project, but contains definitions for 1 design units and 1 entities in project
    Info (12023): Found entity 1: rom16x8_1
Info (12128): Elaborating entity "rom16x8_1" for hierarchy "rom64x8_1:mod1|rom32x8_1:32a63|rom16x8_1:0a15"
Warning (12125): Using design file /users/mateu/documentos unicamp/2022-2/ea773/lab5/modulo1/rom16x4_1.bdf, which is not specified as a design file for the current project, but contains definitions for 1 design units and 1 entities in project
    Info (12023): Found entity 1: rom16x4_1
Info (12128): Elaborating entity "rom16x4_1" for hierarchy "rom64x8_1:mod1|rom32x8_1:32a63|rom16x8_1:0a15|rom16x4_1:LS"
Warning (275002): No superset bus at connection
Warning (12125): Using design file /users/mateu/documentos unicamp/2022-2/ea773/lab5/modulo0/rom64x8_0.bdf, which is not specified as a design file for the current project, but contains definitions for 1 design units and 1 entities in project
    Info (12023): Found entity 1: rom64x8_0
Info (12128): Elaborating entity "rom64x8_0" for hierarchy "rom64x8_0:mod0"
Warning (12125): Using design file /users/mateu/documentos unicamp/2022-2/ea773/lab5/modulo0/rom32x8_0.bdf, which is not specified as a design file for the current project, but contains definitions for 1 design units and 1 entities in project
    Info (12023): Found entity 1: rom32x8_0
Info (12128): Elaborating entity "rom32x8_0" for hierarchy "rom64x8_0:mod0|rom32x8_0:32a63"
Warning (12125): Using design file /users/mateu/documentos unicamp/2022-2/ea773/lab5/modulo0/rom16x8_0.bdf, which is not specified as a design file for the current project, but contains definitions for 1 design units and 1 entities in project
    Info (12023): Found entity 1: rom16x8_0
Info (12128): Elaborating entity "rom16x8_0" for hierarchy "rom64x8_0:mod0|rom32x8_0:32a63|rom16x8_0:0a15"
Warning (12125): Using design file /users/mateu/documentos unicamp/2022-2/ea773/lab5/modulo0/rom16x4_0.bdf, which is not specified as a design file for the current project, but contains definitions for 1 design units and 1 entities in project
    Info (12023): Found entity 1: rom16x4_0
Info (12128): Elaborating entity "rom16x4_0" for hierarchy "rom64x8_0:mod0|rom32x8_0:32a63|rom16x8_0:0a15|rom16x4_0:LS"
Warning (275002): No superset bus at connection
Warning (12125): Using design file /users/mateu/documentos unicamp/2022-2/ea773/lab5/modulo3/rom64x8_3.bdf, which is not specified as a design file for the current project, but contains definitions for 1 design units and 1 entities in project
    Info (12023): Found entity 1: rom64x8_3
Info (12128): Elaborating entity "rom64x8_3" for hierarchy "rom64x8_3:mod3"
Warning (12125): Using design file /users/mateu/documentos unicamp/2022-2/ea773/lab5/modulo3/rom32x8_3.bdf, which is not specified as a design file for the current project, but contains definitions for 1 design units and 1 entities in project
    Info (12023): Found entity 1: rom32x8_3
Info (12128): Elaborating entity "rom32x8_3" for hierarchy "rom64x8_3:mod3|rom32x8_3:32a63"
Warning (12125): Using design file /users/mateu/documentos unicamp/2022-2/ea773/lab5/modulo3/rom16x8_3.bdf, which is not specified as a design file for the current project, but contains definitions for 1 design units and 1 entities in project
    Info (12023): Found entity 1: rom16x8_3
Info (12128): Elaborating entity "rom16x8_3" for hierarchy "rom64x8_3:mod3|rom32x8_3:32a63|rom16x8_3:0a15"
Warning (12125): Using design file /users/mateu/documentos unicamp/2022-2/ea773/lab5/modulo3/rom16x4_3ls.bdf, which is not specified as a design file for the current project, but contains definitions for 1 design units and 1 entities in project
    Info (12023): Found entity 1: rom16x4_3ls
Info (12128): Elaborating entity "rom16x4_3ls" for hierarchy "rom64x8_3:mod3|rom32x8_3:32a63|rom16x8_3:0a15|rom16x4_3ls:LS"
Warning (275002): No superset bus at connection
Warning (12125): Using design file /users/mateu/documentos unicamp/2022-2/ea773/lab5/modulo3/rom16x4_3ms.bdf, which is not specified as a design file for the current project, but contains definitions for 1 design units and 1 entities in project
    Info (12023): Found entity 1: rom16x4_3ms
Info (12128): Elaborating entity "rom16x4_3ms" for hierarchy "rom64x8_3:mod3|rom32x8_3:32a63|rom16x8_3:0a15|rom16x4_3ms:MS"
Warning (275002): No superset bus at connection
Info (16010): Generating hard_block partition "hard_block:auto_generated_inst"
    Info (16011): Adding 0 node(s), including 0 DDIO, 0 PLL, 0 transceiver and 0 LCELL
Info (21057): Implemented 112 device resources after synthesis - the final resource count might be different
    Info (21058): Implemented 9 input pins
    Info (21059): Implemented 8 output pins
    Info (21061): Implemented 95 logic cells
Info: Quartus II 64-Bit Analysis & Synthesis was successful. 0 errors, 28 warnings
    Info: Peak virtual memory: 4597 megabytes
    Info: Processing ended: Sun Oct 23 10:29:02 2022
    Info: Elapsed time: 00:00:02
    Info: Total CPU time (on all processors): 00:00:02


