Flow report for decoderBIN_ONEH
Sat Oct 22 16:06:32 2022
Quartus II 64-Bit Version 13.0.1 Build 232 06/12/2013 Service Pack 1 SJ Web Edition


---------------------
; Table of Contents ;
---------------------
  1. Legal Notice
  2. Flow Summary
  3. Flow Settings
  4. Flow Non-Default Global Settings
  5. Flow Elapsed Time
  6. Flow OS Summary
  7. Flow Log
  8. Flow Messages
  9. Flow Suppressed Messages



----------------
; Legal Notice ;
----------------
Copyright (C) 1991-2013 Altera Corporation
Your use of Altera Corporation's design tools, logic functions 
and other software and tools, and its AMPP partner logic 
functions, and any output files from any of the foregoing 
(including device programming or simulation files), and any 
associated documentation or information are expressly subject 
to the terms and conditions of the Altera Program License 
Subscription Agreement, Altera MegaCore Function License 
Agreement, or other applicable license agreement, including, 
without limitation, that your use is for the sole purpose of 
programming logic devices manufactured by Altera and sold by 
Altera or its authorized distributors.  Please refer to the 
applicable agreement for further details.



+--------------------------------------------------------------------------------------+
; Flow Summary                                                                         ;
+------------------------------------+-------------------------------------------------+
; Flow Status                        ; Successful - Sat Oct 22 16:06:32 2022           ;
; Quartus II 64-Bit Version          ; 13.0.1 Build 232 06/12/2013 SP 1 SJ Web Edition ;
; Revision Name                      ; decoderBIN_ONEH                                 ;
; Top-level Entity Name              ; decoderBIN_ONEH                                 ;
; Family                             ; Cyclone II                                      ;
; Device                             ; EP2C20F484C7                                    ;
; Timing Models                      ; Final                                           ;
; Total logic elements               ; 24 / 18,752 ( < 1 % )                           ;
;     Total combinational functions  ; 24 / 18,752 ( < 1 % )                           ;
;     Dedicated logic registers      ; 0 / 18,752 ( 0 % )                              ;
; Total registers                    ; 0                                               ;
; Total pins                         ; 21 / 315 ( 7 % )                                ;
; Total virtual pins                 ; 0                                               ;
; Total memory bits                  ; 0 / 239,616 ( 0 % )                             ;
; Embedded Multiplier 9-bit elements ; 0 / 52 ( 0 % )                                  ;
; Total PLLs                         ; 0 / 4 ( 0 % )                                   ;
+------------------------------------+-------------------------------------------------+


+-----------------------------------------+
; Flow Settings                           ;
+-------------------+---------------------+
; Option            ; Setting             ;
+-------------------+---------------------+
; Start date & time ; 10/16/2022 18:07:15 ;
; Main task         ; Compilation         ;
; Revision Name     ; decoderBIN_ONEH     ;
+-------------------+---------------------+


+----------------------------------------------------------------------------------------------------------------------+
; Flow Non-Default Global Settings                                                                                     ;
+-------------------------------------+---------------------------------+---------------+-------------+----------------+
; Assignment Name                     ; Value                           ; Default Value ; Entity Name ; Section Id     ;
+-------------------------------------+---------------------------------+---------------+-------------+----------------+
; COMPILER_SIGNATURE_ID               ; 194042959294664.166595443504180 ; --            ; --          ; --             ;
; EDA_GENERATE_FUNCTIONAL_NETLIST     ; On                              ; --            ; --          ; eda_simulation ;
; EDA_OUTPUT_DATA_FORMAT              ; Verilog Hdl                     ; --            ; --          ; eda_simulation ;
; EDA_SIMULATION_TOOL                 ; ModelSim-Altera (Verilog)       ; <None>        ; --          ; --             ;
; MAX_CORE_JUNCTION_TEMP              ; 85                              ; --            ; --          ; --             ;
; MIN_CORE_JUNCTION_TEMP              ; 0                               ; --            ; --          ; --             ;
; PARTITION_COLOR                     ; 16764057                        ; --            ; --          ; Top            ;
; PARTITION_FITTER_PRESERVATION_LEVEL ; PLACEMENT_AND_ROUTING           ; --            ; --          ; Top            ;
; PARTITION_NETLIST_TYPE              ; SOURCE                          ; --            ; --          ; Top            ;
; PROJECT_OUTPUT_DIRECTORY            ; output_files                    ; --            ; --          ; --             ;
+-------------------------------------+---------------------------------+---------------+-------------+----------------+


+-------------------------------------------------------------------------------------------------------------------------------+
; Flow Elapsed Time                                                                                                             ;
+---------------------------+--------------+-------------------------+---------------------+------------------------------------+
; Module Name               ; Elapsed Time ; Average Processors Used ; Peak Virtual Memory ; Total CPU Time (on all processors) ;
+---------------------------+--------------+-------------------------+---------------------+------------------------------------+
; Analysis & Synthesis      ; 00:00:01     ; 1.0                     ; 4588 MB             ; 00:00:01                           ;
; Fitter                    ; 00:00:03     ; 1.0                     ; 4834 MB             ; 00:00:03                           ;
; Assembler                 ; 00:00:01     ; 1.0                     ; 4547 MB             ; 00:00:01                           ;
; TimeQuest Timing Analyzer ; 00:00:00     ; 1.0                     ; 4536 MB             ; 00:00:01                           ;
; EDA Netlist Writer        ; 00:00:00     ; 1.0                     ; 4507 MB             ; 00:00:00                           ;
; EDA Netlist Writer        ; 00:00:00     ; 1.0                     ; 4515 MB             ; 00:00:01                           ;
; EDA Netlist Writer        ; 00:00:01     ; 1.0                     ; 4515 MB             ; 00:00:01                           ;
; EDA Netlist Writer        ; 00:00:01     ; 1.0                     ; 4515 MB             ; 00:00:01                           ;
; EDA Netlist Writer        ; 00:00:01     ; 1.0                     ; 4515 MB             ; 00:00:01                           ;
; EDA Netlist Writer        ; 00:00:00     ; 1.0                     ; 4515 MB             ; 00:00:01                           ;
; EDA Netlist Writer        ; 00:00:00     ; 1.0                     ; 4515 MB             ; 00:00:01                           ;
; EDA Netlist Writer        ; 00:00:00     ; 1.0                     ; 4515 MB             ; 00:00:01                           ;
; EDA Netlist Writer        ; 00:00:01     ; 1.0                     ; 4515 MB             ; 00:00:01                           ;
; EDA Netlist Writer        ; 00:00:01     ; 1.0                     ; 4515 MB             ; 00:00:01                           ;
; EDA Netlist Writer        ; 00:00:01     ; 1.0                     ; 4515 MB             ; 00:00:01                           ;
; EDA Netlist Writer        ; 00:00:01     ; 1.0                     ; 4515 MB             ; 00:00:01                           ;
; EDA Netlist Writer        ; 00:00:01     ; 1.0                     ; 4515 MB             ; 00:00:01                           ;
; Total                     ; 00:00:13     ; --                      ; --                  ; 00:00:18                           ;
+---------------------------+--------------+-------------------------+---------------------+------------------------------------+


+----------------------------------------------------------------------------------------+
; Flow OS Summary                                                                        ;
+---------------------------+------------------+-----------+------------+----------------+
; Module Name               ; Machine Hostname ; OS Name   ; OS Version ; Processor type ;
+---------------------------+------------------+-----------+------------+----------------+
; Analysis & Synthesis      ; DESKTOP-KSDIOPD  ; Windows 7 ; 6.2        ; x86_64         ;
; Fitter                    ; DESKTOP-KSDIOPD  ; Windows 7 ; 6.2        ; x86_64         ;
; Assembler                 ; DESKTOP-KSDIOPD  ; Windows 7 ; 6.2        ; x86_64         ;
; TimeQuest Timing Analyzer ; DESKTOP-KSDIOPD  ; Windows 7 ; 6.2        ; x86_64         ;
; EDA Netlist Writer        ; DESKTOP-KSDIOPD  ; Windows 7 ; 6.2        ; x86_64         ;
; EDA Netlist Writer        ; DESKTOP-KSDIOPD  ; Windows 7 ; 6.2        ; x86_64         ;
; EDA Netlist Writer        ; DESKTOP-KSDIOPD  ; Windows 7 ; 6.2        ; x86_64         ;
; EDA Netlist Writer        ; DESKTOP-KSDIOPD  ; Windows 7 ; 6.2        ; x86_64         ;
; EDA Netlist Writer        ; DESKTOP-KSDIOPD  ; Windows 7 ; 6.2        ; x86_64         ;
; EDA Netlist Writer        ; DESKTOP-KSDIOPD  ; Windows 7 ; 6.2        ; x86_64         ;
; EDA Netlist Writer        ; DESKTOP-KSDIOPD  ; Windows 7 ; 6.2        ; x86_64         ;
; EDA Netlist Writer        ; DESKTOP-KSDIOPD  ; Windows 7 ; 6.2        ; x86_64         ;
; EDA Netlist Writer        ; DESKTOP-KSDIOPD  ; Windows 7 ; 6.2        ; x86_64         ;
; EDA Netlist Writer        ; DESKTOP-KSDIOPD  ; Windows 7 ; 6.2        ; x86_64         ;
; EDA Netlist Writer        ; DESKTOP-KSDIOPD  ; Windows 7 ; 6.2        ; x86_64         ;
; EDA Netlist Writer        ; DESKTOP-KSDIOPD  ; Windows 7 ; 6.2        ; x86_64         ;
; EDA Netlist Writer        ; DESKTOP-KSDIOPD  ; Windows 7 ; 6.2        ; x86_64         ;
+---------------------------+------------------+-----------+------------+----------------+


------------
; Flow Log ;
------------
quartus_map --read_settings_files=on --write_settings_files=off decoderBIN_ONEH -c decoderBIN_ONEH
quartus_fit --read_settings_files=off --write_settings_files=off decoderBIN_ONEH -c decoderBIN_ONEH
quartus_asm --read_settings_files=off --write_settings_files=off decoderBIN_ONEH -c decoderBIN_ONEH
quartus_sta decoderBIN_ONEH -c decoderBIN_ONEH
quartus_eda --read_settings_files=off --write_settings_files=off decoderBIN_ONEH -c decoderBIN_ONEH
quartus_eda --gen_testbench --check_outputs=on --tool=modelsim_oem --format=verilog decoderBIN_ONEH -c decoderBIN_ONEH --vector_source="C:/Users/mateu/Documentos Unicamp/2022-2/EA773/Lab5/decoderBIN_ONEH/WaveformDecoder.vwf" --testbench_file=./simulation/qsim/decoderBIN_ONEH.vt
quartus_eda --functional=on --simulation=on --tool=modelsim_oem --format=verilog decoderBIN_ONEH -c decoderBIN_ONEH
quartus_eda --gen_testbench --check_outputs=on --tool=modelsim_oem --format=verilog decoderBIN_ONEH -c decoderBIN_ONEH --vector_source="C:/Users/mateu/Documentos Unicamp/2022-2/EA773/Lab5/decoderBIN_ONEH/WaveformDecoder.vwf" --testbench_file=./simulation/qsim/decoderBIN_ONEH.vt
quartus_eda --functional=on --simulation=on --tool=modelsim_oem --format=verilog decoderBIN_ONEH -c decoderBIN_ONEH
quartus_eda --gen_testbench --check_outputs=on --tool=modelsim_oem --format=verilog decoderBIN_ONEH -c decoderBIN_ONEH --vector_source="C:/Users/mateu/Documentos Unicamp/2022-2/EA773/Lab5/decoderBIN_ONEH/WaveformDecoder.vwf" --testbench_file=./simulation/qsim/decoderBIN_ONEH.vt
quartus_eda --functional=on --simulation=on --tool=modelsim_oem --format=verilog decoderBIN_ONEH -c decoderBIN_ONEH
quartus_eda --gen_testbench --check_outputs=on --tool=modelsim_oem --format=verilog decoderBIN_ONEH -c decoderBIN_ONEH --vector_source="C:/Users/mateu/Documentos Unicamp/2022-2/EA773/Lab5/decoderBIN_ONEH/WaveformDecoder.vwf" --testbench_file=./simulation/qsim/decoderBIN_ONEH.vt
quartus_eda --functional=on --simulation=on --tool=modelsim_oem --format=verilog decoderBIN_ONEH -c decoderBIN_ONEH
quartus_eda --gen_testbench --check_outputs=on --tool=modelsim_oem --format=verilog decoderBIN_ONEH -c decoderBIN_ONEH --vector_source="C:/Users/mateu/Documentos Unicamp/2022-2/EA773/Lab5/decoderBIN_ONEH/WaveformDecoder.vwf" --testbench_file=./simulation/qsim/decoderBIN_ONEH.vt
quartus_eda --functional=on --simulation=on --tool=modelsim_oem --format=verilog decoderBIN_ONEH -c decoderBIN_ONEH
quartus_eda --gen_testbench --check_outputs=on --tool=modelsim_oem --format=verilog decoderBIN_ONEH -c decoderBIN_ONEH --vector_source="C:/Users/mateu/Documentos Unicamp/2022-2/EA773/Lab5/decoderBIN_ONEH/WaveformDecoder.vwf" --testbench_file=./simulation/qsim/decoderBIN_ONEH.vt
quartus_eda --functional=on --simulation=on --tool=modelsim_oem --format=verilog decoderBIN_ONEH -c decoderBIN_ONEH



