Analysis & Synthesis report for cpu
Fri Nov 18 10:15:04 2022
Quartus II 64-Bit Version 13.0.1 Build 232 06/12/2013 Service Pack 1 SJ Web Edition


---------------------
; Table of Contents ;
---------------------
  1. Legal Notice
  2. Analysis & Synthesis Summary
  3. Analysis & Synthesis Settings
  4. Parallel Compilation
  5. Analysis & Synthesis Source Files Read
  6. Analysis & Synthesis Resource Usage Summary
  7. Analysis & Synthesis Resource Utilization by Entity
  8. Logic Cells Representing Combinational Loops
  9. General Register Statistics
 10. Elapsed Time Per Partition
 11. Analysis & Synthesis Messages



----------------
; Legal Notice ;
----------------
Copyright (C) 1991-2013 Altera Corporation
Your use of Altera Corporation's design tools, logic functions 
and other software and tools, and its AMPP partner logic 
functions, and any output files from any of the foregoing 
(including device programming or simulation files), and any 
associated documentation or information are expressly subject 
to the terms and conditions of the Altera Program License 
Subscription Agreement, Altera MegaCore Function License 
Agreement, or other applicable license agreement, including, 
without limitation, that your use is for the sole purpose of 
programming logic devices manufactured by Altera and sold by 
Altera or its authorized distributors.  Please refer to the 
applicable agreement for further details.



+--------------------------------------------------------------------------------------+
; Analysis & Synthesis Summary                                                         ;
+------------------------------------+-------------------------------------------------+
; Analysis & Synthesis Status        ; Successful - Fri Nov 18 10:15:04 2022           ;
; Quartus II 64-Bit Version          ; 13.0.1 Build 232 06/12/2013 SP 1 SJ Web Edition ;
; Revision Name                      ; cpu                                             ;
; Top-level Entity Name              ; cpu                                             ;
; Family                             ; Cyclone II                                      ;
; Total logic elements               ; 155                                             ;
;     Total combinational functions  ; 155                                             ;
;     Dedicated logic registers      ; 34                                              ;
; Total registers                    ; 34                                              ;
; Total pins                         ; 65                                              ;
; Total virtual pins                 ; 0                                               ;
; Total memory bits                  ; 0                                               ;
; Embedded Multiplier 9-bit elements ; 0                                               ;
; Total PLLs                         ; 0                                               ;
+------------------------------------+-------------------------------------------------+


+----------------------------------------------------------------------------------------------------------------------+
; Analysis & Synthesis Settings                                                                                        ;
+----------------------------------------------------------------------------+--------------------+--------------------+
; Option                                                                     ; Setting            ; Default Value      ;
+----------------------------------------------------------------------------+--------------------+--------------------+
; Device                                                                     ; EP2C20F484C7       ;                    ;
; Top-level entity name                                                      ; cpu                ; cpu                ;
; Family name                                                                ; Cyclone II         ; Cyclone IV GX      ;
; Use smart compilation                                                      ; Off                ; Off                ;
; Enable parallel Assembler and TimeQuest Timing Analyzer during compilation ; On                 ; On                 ;
; Enable compact report table                                                ; Off                ; Off                ;
; Restructure Multiplexers                                                   ; Auto               ; Auto               ;
; Create Debugging Nodes for IP Cores                                        ; Off                ; Off                ;
; Preserve fewer node names                                                  ; On                 ; On                 ;
; Disable OpenCore Plus hardware evaluation                                  ; Off                ; Off                ;
; Verilog Version                                                            ; Verilog_2001       ; Verilog_2001       ;
; VHDL Version                                                               ; VHDL_1993          ; VHDL_1993          ;
; State Machine Processing                                                   ; Auto               ; Auto               ;
; Safe State Machine                                                         ; Off                ; Off                ;
; Extract Verilog State Machines                                             ; On                 ; On                 ;
; Extract VHDL State Machines                                                ; On                 ; On                 ;
; Ignore Verilog initial constructs                                          ; Off                ; Off                ;
; Iteration limit for constant Verilog loops                                 ; 5000               ; 5000               ;
; Iteration limit for non-constant Verilog loops                             ; 250                ; 250                ;
; Add Pass-Through Logic to Inferred RAMs                                    ; On                 ; On                 ;
; Infer RAMs from Raw Logic                                                  ; On                 ; On                 ;
; Parallel Synthesis                                                         ; On                 ; On                 ;
; DSP Block Balancing                                                        ; Auto               ; Auto               ;
; NOT Gate Push-Back                                                         ; On                 ; On                 ;
; Power-Up Don't Care                                                        ; On                 ; On                 ;
; Remove Redundant Logic Cells                                               ; Off                ; Off                ;
; Remove Duplicate Registers                                                 ; On                 ; On                 ;
; Ignore CARRY Buffers                                                       ; Off                ; Off                ;
; Ignore CASCADE Buffers                                                     ; Off                ; Off                ;
; Ignore GLOBAL Buffers                                                      ; Off                ; Off                ;
; Ignore ROW GLOBAL Buffers                                                  ; Off                ; Off                ;
; Ignore LCELL Buffers                                                       ; Off                ; Off                ;
; Ignore SOFT Buffers                                                        ; On                 ; On                 ;
; Limit AHDL Integers to 32 Bits                                             ; Off                ; Off                ;
; Optimization Technique                                                     ; Balanced           ; Balanced           ;
; Carry Chain Length                                                         ; 70                 ; 70                 ;
; Auto Carry Chains                                                          ; On                 ; On                 ;
; Auto Open-Drain Pins                                                       ; On                 ; On                 ;
; Perform WYSIWYG Primitive Resynthesis                                      ; Off                ; Off                ;
; Auto ROM Replacement                                                       ; On                 ; On                 ;
; Auto RAM Replacement                                                       ; On                 ; On                 ;
; Auto Shift Register Replacement                                            ; Auto               ; Auto               ;
; Allow Shift Register Merging across Hierarchies                            ; Auto               ; Auto               ;
; Auto Clock Enable Replacement                                              ; On                 ; On                 ;
; Strict RAM Replacement                                                     ; Off                ; Off                ;
; Allow Synchronous Control Signals                                          ; On                 ; On                 ;
; Force Use of Synchronous Clear Signals                                     ; Off                ; Off                ;
; Auto RAM to Logic Cell Conversion                                          ; Off                ; Off                ;
; Auto Resource Sharing                                                      ; Off                ; Off                ;
; Allow Any RAM Size For Recognition                                         ; Off                ; Off                ;
; Allow Any ROM Size For Recognition                                         ; Off                ; Off                ;
; Allow Any Shift Register Size For Recognition                              ; Off                ; Off                ;
; Use LogicLock Constraints during Resource Balancing                        ; On                 ; On                 ;
; Ignore translate_off and synthesis_off directives                          ; Off                ; Off                ;
; Timing-Driven Synthesis                                                    ; Off                ; Off                ;
; Report Parameter Settings                                                  ; On                 ; On                 ;
; Report Source Assignments                                                  ; On                 ; On                 ;
; Report Connectivity Checks                                                 ; On                 ; On                 ;
; Ignore Maximum Fan-Out Assignments                                         ; Off                ; Off                ;
; Synchronization Register Chain Length                                      ; 2                  ; 2                  ;
; PowerPlay Power Optimization                                               ; Normal compilation ; Normal compilation ;
; HDL message level                                                          ; Level2             ; Level2             ;
; Suppress Register Optimization Related Messages                            ; Off                ; Off                ;
; Number of Removed Registers Reported in Synthesis Report                   ; 5000               ; 5000               ;
; Number of Swept Nodes Reported in Synthesis Report                         ; 5000               ; 5000               ;
; Number of Inverted Registers Reported in Synthesis Report                  ; 100                ; 100                ;
; Clock MUX Protection                                                       ; On                 ; On                 ;
; Auto Gated Clock Conversion                                                ; Off                ; Off                ;
; Block Design Naming                                                        ; Auto               ; Auto               ;
; SDC constraint protection                                                  ; Off                ; Off                ;
; Synthesis Effort                                                           ; Auto               ; Auto               ;
; Shift Register Replacement - Allow Asynchronous Clear Signal               ; On                 ; On                 ;
; Pre-Mapping Resynthesis Optimization                                       ; Off                ; Off                ;
; Analysis & Synthesis Message Level                                         ; Medium             ; Medium             ;
; Disable Register Merging Across Hierarchies                                ; Auto               ; Auto               ;
; Resource Aware Inference For Block RAM                                     ; On                 ; On                 ;
; Synthesis Seed                                                             ; 1                  ; 1                  ;
+----------------------------------------------------------------------------+--------------------+--------------------+


Parallel compilation was disabled, but you have multiple processors available. Enable parallel compilation to reduce compilation time.
+-------------------------------------+
; Parallel Compilation                ;
+----------------------------+--------+
; Processors                 ; Number ;
+----------------------------+--------+
; Number detected on machine ; 8      ;
; Maximum allowed            ; 1      ;
+----------------------------+--------+


+------------------------------------------------------------------------------------------------------------------------------------------------------------------------------------------------------------------+
; Analysis & Synthesis Source Files Read                                                                                                                                                                           ;
+----------------------------------+-----------------+------------------------------------------+--------------------------------------------------------------------------------------------------------+---------+
; File Name with User-Entered Path ; Used in Netlist ; File Type                                ; File Name with Absolute Path                                                                           ; Library ;
+----------------------------------+-----------------+------------------------------------------+--------------------------------------------------------------------------------------------------------+---------+
; decod_inst_art.bdf               ; yes             ; User Block Diagram/Schematic File        ; C:/Users/mateu/Documentos Unicamp/2022-2/EA773/Projeto/cpu/decod_inst_art.bdf                          ;         ;
; decod_inst_trf.bdf               ; yes             ; User Block Diagram/Schematic File        ; C:/Users/mateu/Documentos Unicamp/2022-2/EA773/Projeto/cpu/decod_inst_trf.bdf                          ;         ;
; decod_inst_trf_interno.bdf       ; yes             ; User Block Diagram/Schematic File        ; C:/Users/mateu/Documentos Unicamp/2022-2/EA773/Projeto/cpu/decod_inst_trf_interno.bdf                  ;         ;
; decod_inst_signal_register.bdf   ; yes             ; User Block Diagram/Schematic File        ; C:/Users/mateu/Documentos Unicamp/2022-2/EA773/Projeto/cpu/decod_inst_signal_register.bdf              ;         ;
; decod_inst_dsv.bdf               ; yes             ; User Block Diagram/Schematic File        ; C:/Users/mateu/Documentos Unicamp/2022-2/EA773/Projeto/cpu/decod_inst_dsv.bdf                          ;         ;
; decod_inst_dsv_calc_LDCNT.bdf    ; yes             ; User Block Diagram/Schematic File        ; C:/Users/mateu/Documentos Unicamp/2022-2/EA773/Projeto/cpu/decod_inst_dsv_calc_LDCNT.bdf               ;         ;
; mux8x4.bdf                       ; yes             ; User Block Diagram/Schematic File        ; C:/Users/mateu/Documentos Unicamp/2022-2/EA773/Projeto/cpu/mux8x4.bdf                                  ;         ;
; mux16x4.bdf                      ; yes             ; User Block Diagram/Schematic File        ; C:/Users/mateu/Documentos Unicamp/2022-2/EA773/Projeto/cpu/mux16x4.bdf                                 ;         ;
; mux16x8.bdf                      ; yes             ; User Block Diagram/Schematic File        ; C:/Users/mateu/Documentos Unicamp/2022-2/EA773/Projeto/cpu/mux16x8.bdf                                 ;         ;
; cpu.bdf                          ; yes             ; User Block Diagram/Schematic File        ; C:/Users/mateu/Documentos Unicamp/2022-2/EA773/Projeto/cpu/cpu.bdf                                     ;         ;
; decoderbin_oneh.bdf              ; yes             ; Auto-Found Block Diagram/Schematic File  ; c:/users/mateu/documentos unicamp/2022-2/ea773/lab5/decoderbin_oneh/decoderbin_oneh.bdf                ;         ;
; bus_ula.bdf                      ; yes             ; Auto-Found Block Diagram/Schematic File  ; c:/users/mateu/documentos unicamp/2022-2/ea773/lab4/bus_ula/bus_ula.bdf                                ;         ;
; registrador_4_bits.bdf           ; yes             ; Auto-Found Block Diagram/Schematic File  ; c:/users/mateu/documentos unicamp/2022-2/ea773/lab3/registrador_4_bits_restored/registrador_4_bits.bdf ;         ;
; registrador_1_bit.bdf            ; yes             ; Auto-Found Block Diagram/Schematic File  ; c:/users/mateu/documentos unicamp/2022-2/ea773/lab3/registrador_4_bits_restored/registrador_1_bit.bdf  ;         ;
; ula.bdf                          ; yes             ; Auto-Found Block Diagram/Schematic File  ; c:/users/mateu/documentos unicamp/2022-2/ea773/lab2/ula_restored/ula.bdf                               ;         ;
; somador_4_bits.bdf               ; yes             ; Auto-Found Block Diagram/Schematic File  ; c:/users/mateu/documentos unicamp/2022-2/ea773/lab2/ula_restored/somador_4_bits.bdf                    ;         ;
; somador_completo.bdf             ; yes             ; Auto-Found Block Diagram/Schematic File  ; c:/users/mateu/documentos unicamp/2022-2/ea773/lab2/ula_restored/somador_completo.bdf                  ;         ;
; meio_somador.bdf                 ; yes             ; Auto-Found Block Diagram/Schematic File  ; c:/users/mateu/documentos unicamp/2022-2/ea773/lab2/ula_restored/meio_somador.bdf                      ;         ;
; decodificador_ula.bdf            ; yes             ; Auto-Found Block Diagram/Schematic File  ; c:/users/mateu/documentos unicamp/2022-2/ea773/lab2/ula_restored/decodificador_ula.bdf                 ;         ;
; complementa.bdf                  ; yes             ; Auto-Found Block Diagram/Schematic File  ; c:/users/mateu/documentos unicamp/2022-2/ea773/lab2/ula_restored/complementa.bdf                       ;         ;
; zera.bdf                         ; yes             ; Auto-Found Block Diagram/Schematic File  ; c:/users/mateu/documentos unicamp/2022-2/ea773/lab2/ula_restored/zera.bdf                              ;         ;
; bus_tristate.bdf                 ; yes             ; Auto-Found Block Diagram/Schematic File  ; c:/users/mateu/documentos unicamp/2022-2/ea773/lab4/bus_tristate/bus_tristate.bdf                      ;         ;
; bus_decodificador_7seg.bdf       ; yes             ; Auto-Found Block Diagram/Schematic File  ; c:/users/mateu/documentos unicamp/2022-2/ea773/lab4/decodificador_7seg/bus_decodificador_7seg.bdf      ;         ;
; contador_mod_256.bdf             ; yes             ; Auto-Found Block Diagram/Schematic File  ; c:/users/mateu/documentos unicamp/2022-2/ea773/lab3/contador_mod256/contador_mod_256.bdf               ;         ;
; contador_mod16.bdf               ; yes             ; Auto-Found Block Diagram/Schematic File  ; c:/users/mateu/documentos unicamp/2022-2/ea773/lab3/contador_mod16_restored/contador_mod16.bdf         ;         ;
; transmite_entrada.bdf            ; yes             ; Auto-Found Block Diagram/Schematic File  ; c:/users/mateu/documentos unicamp/2022-2/ea773/lab3/contador_mod16_restored/transmite_entrada.bdf      ;         ;
+----------------------------------+-----------------+------------------------------------------+--------------------------------------------------------------------------------------------------------+---------+


+------------------------------------------------------+
; Analysis & Synthesis Resource Usage Summary          ;
+---------------------------------------------+--------+
; Resource                                    ; Usage  ;
+---------------------------------------------+--------+
; Estimated Total logic elements              ; 155    ;
;                                             ;        ;
; Total combinational functions               ; 155    ;
; Logic element usage by number of LUT inputs ;        ;
;     -- 4 input functions                    ; 107    ;
;     -- 3 input functions                    ; 34     ;
;     -- <=2 input functions                  ; 14     ;
;                                             ;        ;
; Logic elements by mode                      ;        ;
;     -- normal mode                          ; 155    ;
;     -- arithmetic mode                      ; 0      ;
;                                             ;        ;
; Total registers                             ; 34     ;
;     -- Dedicated logic registers            ; 34     ;
;     -- I/O registers                        ; 0      ;
;                                             ;        ;
; I/O pins                                    ; 65     ;
; Embedded Multiplier 9-bit elements          ; 0      ;
; Maximum fan-out node                        ; KEY[0] ;
; Maximum fan-out                             ; 35     ;
; Total fan-out                               ; 701    ;
; Average fan-out                             ; 2.76   ;
+---------------------------------------------+--------+


+---------------------------------------------------------------------------------------------------------------------------------------------------------------------------------------------------------------------------------------------------------------------+
; Analysis & Synthesis Resource Utilization by Entity                                                                                                                                                                                                                 ;
+-------------------------------------------+-------------------+--------------+-------------+--------------+---------+-----------+------+--------------+----------------------------------------------------------------------------------------------+--------------+
; Compilation Hierarchy Node                ; LC Combinationals ; LC Registers ; Memory Bits ; DSP Elements ; DSP 9x9 ; DSP 18x18 ; Pins ; Virtual Pins ; Full Hierarchy Name                                                                          ; Library Name ;
+-------------------------------------------+-------------------+--------------+-------------+--------------+---------+-----------+------+--------------+----------------------------------------------------------------------------------------------+--------------+
; |cpu                                      ; 155 (4)           ; 34 (0)       ; 0           ; 0            ; 0       ; 0         ; 65   ; 0            ; |cpu                                                                                         ; work         ;
;    |bus_ula:inst16|                       ; 83 (0)            ; 16 (0)       ; 0           ; 0            ; 0       ; 0         ; 0    ; 0            ; |cpu|bus_ula:inst16                                                                          ; work         ;
;       |ULA:inst6|                         ; 19 (0)            ; 0 (0)        ; 0           ; 0            ; 0       ; 0         ; 0    ; 0            ; |cpu|bus_ula:inst16|ULA:inst6                                                                ; work         ;
;          |complementa:inst2|              ; 1 (1)             ; 0 (0)        ; 0           ; 0            ; 0       ; 0         ; 0    ; 0            ; |cpu|bus_ula:inst16|ULA:inst6|complementa:inst2                                              ; work         ;
;          |complementa:inst|               ; 4 (4)             ; 0 (0)        ; 0           ; 0            ; 0       ; 0         ; 0    ; 0            ; |cpu|bus_ula:inst16|ULA:inst6|complementa:inst                                               ; work         ;
;          |decodificador_ULA:inst5|        ; 3 (3)             ; 0 (0)        ; 0           ; 0            ; 0       ; 0         ; 0    ; 0            ; |cpu|bus_ula:inst16|ULA:inst6|decodificador_ULA:inst5                                        ; work         ;
;          |somador_4_bits:inst4|           ; 7 (0)             ; 0 (0)        ; 0           ; 0            ; 0       ; 0         ; 0    ; 0            ; |cpu|bus_ula:inst16|ULA:inst6|somador_4_bits:inst4                                           ; work         ;
;             |somador_completo:inst1|      ; 2 (1)             ; 0 (0)        ; 0           ; 0            ; 0       ; 0         ; 0    ; 0            ; |cpu|bus_ula:inst16|ULA:inst6|somador_4_bits:inst4|somador_completo:inst1                    ; work         ;
;                |meio_somador:inst1|       ; 1 (1)             ; 0 (0)        ; 0           ; 0            ; 0       ; 0         ; 0    ; 0            ; |cpu|bus_ula:inst16|ULA:inst6|somador_4_bits:inst4|somador_completo:inst1|meio_somador:inst1 ; work         ;
;             |somador_completo:inst2|      ; 2 (1)             ; 0 (0)        ; 0           ; 0            ; 0       ; 0         ; 0    ; 0            ; |cpu|bus_ula:inst16|ULA:inst6|somador_4_bits:inst4|somador_completo:inst2                    ; work         ;
;                |meio_somador:inst1|       ; 1 (1)             ; 0 (0)        ; 0           ; 0            ; 0       ; 0         ; 0    ; 0            ; |cpu|bus_ula:inst16|ULA:inst6|somador_4_bits:inst4|somador_completo:inst2|meio_somador:inst1 ; work         ;
;             |somador_completo:inst3|      ; 1 (1)             ; 0 (0)        ; 0           ; 0            ; 0       ; 0         ; 0    ; 0            ; |cpu|bus_ula:inst16|ULA:inst6|somador_4_bits:inst4|somador_completo:inst3                    ; work         ;
;             |somador_completo:inst|       ; 2 (1)             ; 0 (0)        ; 0           ; 0            ; 0       ; 0         ; 0    ; 0            ; |cpu|bus_ula:inst16|ULA:inst6|somador_4_bits:inst4|somador_completo:inst                     ; work         ;
;                |meio_somador:inst1|       ; 1 (1)             ; 0 (0)        ; 0           ; 0            ; 0       ; 0         ; 0    ; 0            ; |cpu|bus_ula:inst16|ULA:inst6|somador_4_bits:inst4|somador_completo:inst|meio_somador:inst1  ; work         ;
;          |zera:inst3|                     ; 4 (4)             ; 0 (0)        ; 0           ; 0            ; 0       ; 0         ; 0    ; 0            ; |cpu|bus_ula:inst16|ULA:inst6|zera:inst3                                                     ; work         ;
;       |bus_decodificador_7seg:inst10|     ; 7 (7)             ; 0 (0)        ; 0           ; 0            ; 0       ; 0         ; 0    ; 0            ; |cpu|bus_ula:inst16|bus_decodificador_7seg:inst10                                            ; work         ;
;       |bus_decodificador_7seg:inst11|     ; 7 (7)             ; 0 (0)        ; 0           ; 0            ; 0       ; 0         ; 0    ; 0            ; |cpu|bus_ula:inst16|bus_decodificador_7seg:inst11                                            ; work         ;
;       |bus_decodificador_7seg:inst12|     ; 7 (7)             ; 0 (0)        ; 0           ; 0            ; 0       ; 0         ; 0    ; 0            ; |cpu|bus_ula:inst16|bus_decodificador_7seg:inst12                                            ; work         ;
;       |bus_decodificador_7seg:inst13|     ; 7 (7)             ; 0 (0)        ; 0           ; 0            ; 0       ; 0         ; 0    ; 0            ; |cpu|bus_ula:inst16|bus_decodificador_7seg:inst13                                            ; work         ;
;       |bus_tristate:inst|                 ; 12 (12)           ; 0 (0)        ; 0           ; 0            ; 0       ; 0         ; 0    ; 0            ; |cpu|bus_ula:inst16|bus_tristate:inst                                                        ; work         ;
;       |registrador_4_bits:AC|             ; 5 (0)             ; 4 (0)        ; 0           ; 0            ; 0       ; 0         ; 0    ; 0            ; |cpu|bus_ula:inst16|registrador_4_bits:AC                                                    ; work         ;
;          |registrador_1_bit:inst10|       ; 1 (1)             ; 1 (1)        ; 0           ; 0            ; 0       ; 0         ; 0    ; 0            ; |cpu|bus_ula:inst16|registrador_4_bits:AC|registrador_1_bit:inst10                           ; work         ;
;          |registrador_1_bit:inst11|       ; 1 (1)             ; 1 (1)        ; 0           ; 0            ; 0       ; 0         ; 0    ; 0            ; |cpu|bus_ula:inst16|registrador_4_bits:AC|registrador_1_bit:inst11                           ; work         ;
;          |registrador_1_bit:inst12|       ; 1 (1)             ; 1 (1)        ; 0           ; 0            ; 0       ; 0         ; 0    ; 0            ; |cpu|bus_ula:inst16|registrador_4_bits:AC|registrador_1_bit:inst12                           ; work         ;
;          |registrador_1_bit:inst|         ; 2 (2)             ; 1 (1)        ; 0           ; 0            ; 0       ; 0         ; 0    ; 0            ; |cpu|bus_ula:inst16|registrador_4_bits:AC|registrador_1_bit:inst                             ; work         ;
;       |registrador_4_bits:A|              ; 6 (0)             ; 4 (0)        ; 0           ; 0            ; 0       ; 0         ; 0    ; 0            ; |cpu|bus_ula:inst16|registrador_4_bits:A                                                     ; work         ;
;          |registrador_1_bit:inst10|       ; 1 (1)             ; 1 (1)        ; 0           ; 0            ; 0       ; 0         ; 0    ; 0            ; |cpu|bus_ula:inst16|registrador_4_bits:A|registrador_1_bit:inst10                            ; work         ;
;          |registrador_1_bit:inst11|       ; 1 (1)             ; 1 (1)        ; 0           ; 0            ; 0       ; 0         ; 0    ; 0            ; |cpu|bus_ula:inst16|registrador_4_bits:A|registrador_1_bit:inst11                            ; work         ;
;          |registrador_1_bit:inst12|       ; 3 (3)             ; 1 (1)        ; 0           ; 0            ; 0       ; 0         ; 0    ; 0            ; |cpu|bus_ula:inst16|registrador_4_bits:A|registrador_1_bit:inst12                            ; work         ;
;          |registrador_1_bit:inst|         ; 1 (1)             ; 1 (1)        ; 0           ; 0            ; 0       ; 0         ; 0    ; 0            ; |cpu|bus_ula:inst16|registrador_4_bits:A|registrador_1_bit:inst                              ; work         ;
;       |registrador_4_bits:B|              ; 6 (0)             ; 4 (0)        ; 0           ; 0            ; 0       ; 0         ; 0    ; 0            ; |cpu|bus_ula:inst16|registrador_4_bits:B                                                     ; work         ;
;          |registrador_1_bit:inst10|       ; 1 (1)             ; 1 (1)        ; 0           ; 0            ; 0       ; 0         ; 0    ; 0            ; |cpu|bus_ula:inst16|registrador_4_bits:B|registrador_1_bit:inst10                            ; work         ;
;          |registrador_1_bit:inst11|       ; 1 (1)             ; 1 (1)        ; 0           ; 0            ; 0       ; 0         ; 0    ; 0            ; |cpu|bus_ula:inst16|registrador_4_bits:B|registrador_1_bit:inst11                            ; work         ;
;          |registrador_1_bit:inst12|       ; 3 (3)             ; 1 (1)        ; 0           ; 0            ; 0       ; 0         ; 0    ; 0            ; |cpu|bus_ula:inst16|registrador_4_bits:B|registrador_1_bit:inst12                            ; work         ;
;          |registrador_1_bit:inst|         ; 1 (1)             ; 1 (1)        ; 0           ; 0            ; 0       ; 0         ; 0    ; 0            ; |cpu|bus_ula:inst16|registrador_4_bits:B|registrador_1_bit:inst                              ; work         ;
;       |registrador_4_bits:FL|             ; 7 (0)             ; 4 (0)        ; 0           ; 0            ; 0       ; 0         ; 0    ; 0            ; |cpu|bus_ula:inst16|registrador_4_bits:FL                                                    ; work         ;
;          |registrador_1_bit:inst10|       ; 1 (1)             ; 1 (1)        ; 0           ; 0            ; 0       ; 0         ; 0    ; 0            ; |cpu|bus_ula:inst16|registrador_4_bits:FL|registrador_1_bit:inst10                           ; work         ;
;          |registrador_1_bit:inst11|       ; 1 (1)             ; 1 (1)        ; 0           ; 0            ; 0       ; 0         ; 0    ; 0            ; |cpu|bus_ula:inst16|registrador_4_bits:FL|registrador_1_bit:inst11                           ; work         ;
;          |registrador_1_bit:inst12|       ; 4 (4)             ; 1 (1)        ; 0           ; 0            ; 0       ; 0         ; 0    ; 0            ; |cpu|bus_ula:inst16|registrador_4_bits:FL|registrador_1_bit:inst12                           ; work         ;
;          |registrador_1_bit:inst|         ; 1 (1)             ; 1 (1)        ; 0           ; 0            ; 0       ; 0         ; 0    ; 0            ; |cpu|bus_ula:inst16|registrador_4_bits:FL|registrador_1_bit:inst                             ; work         ;
;    |contador_mod_256:inst2|               ; 19 (0)            ; 8 (0)        ; 0           ; 0            ; 0       ; 0         ; 0    ; 0            ; |cpu|contador_mod_256:inst2                                                                  ; work         ;
;       |contador_mod16:inst1|              ; 10 (10)           ; 4 (4)        ; 0           ; 0            ; 0       ; 0         ; 0    ; 0            ; |cpu|contador_mod_256:inst2|contador_mod16:inst1                                             ; work         ;
;       |contador_mod16:inst|               ; 9 (9)             ; 4 (4)        ; 0           ; 0            ; 0       ; 0         ; 0    ; 0            ; |cpu|contador_mod_256:inst2|contador_mod16:inst                                              ; work         ;
;    |decod_inst_art:inst6|                 ; 4 (4)             ; 0 (0)        ; 0           ; 0            ; 0       ; 0         ; 0    ; 0            ; |cpu|decod_inst_art:inst6                                                                    ; work         ;
;    |decod_inst_dsv:inst8|                 ; 17 (1)            ; 2 (0)        ; 0           ; 0            ; 0       ; 0         ; 0    ; 0            ; |cpu|decod_inst_dsv:inst8                                                                    ; work         ;
;       |decod_inst_dsv_calc_LDCNT:inst2|   ; 10 (10)           ; 0 (0)        ; 0           ; 0            ; 0       ; 0         ; 0    ; 0            ; |cpu|decod_inst_dsv:inst8|decod_inst_dsv_calc_LDCNT:inst2                                    ; work         ;
;       |decod_inst_signal_register:inst3|  ; 3 (3)             ; 1 (1)        ; 0           ; 0            ; 0       ; 0         ; 0    ; 0            ; |cpu|decod_inst_dsv:inst8|decod_inst_signal_register:inst3                                   ; work         ;
;       |decod_inst_signal_register:inst4|  ; 2 (2)             ; 1 (1)        ; 0           ; 0            ; 0       ; 0         ; 0    ; 0            ; |cpu|decod_inst_dsv:inst8|decod_inst_signal_register:inst4                                   ; work         ;
;       |decoderBIN_ONEH:inst|              ; 1 (1)             ; 0 (0)        ; 0           ; 0            ; 0       ; 0         ; 0    ; 0            ; |cpu|decod_inst_dsv:inst8|decoderBIN_ONEH:inst                                               ; work         ;
;    |decod_inst_trf:inst12|                ; 24 (2)            ; 8 (1)        ; 0           ; 0            ; 0       ; 0         ; 0    ; 0            ; |cpu|decod_inst_trf:inst12                                                                   ; work         ;
;       |decod_inst_signal_register:inst11| ; 2 (2)             ; 1 (1)        ; 0           ; 0            ; 0       ; 0         ; 0    ; 0            ; |cpu|decod_inst_trf:inst12|decod_inst_signal_register:inst11                                 ; work         ;
;       |decod_inst_signal_register:inst12| ; 5 (5)             ; 1 (1)        ; 0           ; 0            ; 0       ; 0         ; 0    ; 0            ; |cpu|decod_inst_trf:inst12|decod_inst_signal_register:inst12                                 ; work         ;
;       |decod_inst_signal_register:inst13| ; 1 (1)             ; 1 (1)        ; 0           ; 0            ; 0       ; 0         ; 0    ; 0            ; |cpu|decod_inst_trf:inst12|decod_inst_signal_register:inst13                                 ; work         ;
;       |decod_inst_signal_register:inst14| ; 1 (1)             ; 1 (1)        ; 0           ; 0            ; 0       ; 0         ; 0    ; 0            ; |cpu|decod_inst_trf:inst12|decod_inst_signal_register:inst14                                 ; work         ;
;       |decod_inst_signal_register:inst15| ; 2 (2)             ; 1 (1)        ; 0           ; 0            ; 0       ; 0         ; 0    ; 0            ; |cpu|decod_inst_trf:inst12|decod_inst_signal_register:inst15                                 ; work         ;
;       |decod_inst_signal_register:inst16| ; 2 (2)             ; 1 (1)        ; 0           ; 0            ; 0       ; 0         ; 0    ; 0            ; |cpu|decod_inst_trf:inst12|decod_inst_signal_register:inst16                                 ; work         ;
;       |decod_inst_signal_register:inst17| ; 2 (2)             ; 1 (1)        ; 0           ; 0            ; 0       ; 0         ; 0    ; 0            ; |cpu|decod_inst_trf:inst12|decod_inst_signal_register:inst17                                 ; work         ;
;       |decod_inst_trf_interno:inst|       ; 7 (7)             ; 0 (0)        ; 0           ; 0            ; 0       ; 0         ; 0    ; 0            ; |cpu|decod_inst_trf:inst12|decod_inst_trf_interno:inst                                       ; work         ;
;    |mux8x4:inst14|                        ; 4 (0)             ; 0 (0)        ; 0           ; 0            ; 0       ; 0         ; 0    ; 0            ; |cpu|mux8x4:inst14                                                                           ; work         ;
;       |bus_tristate:inst|                 ; 4 (4)             ; 0 (0)        ; 0           ; 0            ; 0       ; 0         ; 0    ; 0            ; |cpu|mux8x4:inst14|bus_tristate:inst                                                         ; work         ;
+-------------------------------------------+-------------------+--------------+-------------+--------------+---------+-----------+------+--------------+----------------------------------------------------------------------------------------------+--------------+
Note: For table entries with two numbers listed, the numbers in parentheses indicate the number of resources of the given type used by the specific entity alone. The numbers listed outside of parentheses indicate the total resources of the given type used by the specific entity and all of its sub-entities in the hierarchy.


+------------------------------------------------------------+
; Logic Cells Representing Combinational Loops               ;
+--------------------------------------------------------+---+
; Logic Cell Name                                        ;   ;
+--------------------------------------------------------+---+
; inst13~0                                               ;   ;
; rtl~0                                                  ;   ;
; Number of logic cells representing combinational loops ; 2 ;
+--------------------------------------------------------+---+
Note: All cells listed above may not be present at the end of synthesis due to various synthesis optimizations.


+------------------------------------------------------+
; General Register Statistics                          ;
+----------------------------------------------+-------+
; Statistic                                    ; Value ;
+----------------------------------------------+-------+
; Total registers                              ; 34    ;
; Number of registers using Synchronous Clear  ; 7     ;
; Number of registers using Synchronous Load   ; 4     ;
; Number of registers using Asynchronous Clear ; 0     ;
; Number of registers using Asynchronous Load  ; 0     ;
; Number of registers using Clock Enable       ; 14    ;
; Number of registers using Preset             ; 0     ;
+----------------------------------------------+-------+


+-------------------------------+
; Elapsed Time Per Partition    ;
+----------------+--------------+
; Partition Name ; Elapsed Time ;
+----------------+--------------+
; Top            ; 00:00:00     ;
+----------------+--------------+


+-------------------------------+
; Analysis & Synthesis Messages ;
+-------------------------------+
Info: *******************************************************************
Info: Running Quartus II 64-Bit Analysis & Synthesis
    Info: Version 13.0.1 Build 232 06/12/2013 Service Pack 1 SJ Web Edition
    Info: Processing started: Fri Nov 18 10:15:02 2022
Info: Command: quartus_map --read_settings_files=on --write_settings_files=off cpu -c cpu
Warning (20028): Parallel compilation is not licensed and has been disabled
Info (12021): Found 1 design units, including 1 entities, in source file decod_inst_art.bdf
    Info (12023): Found entity 1: decod_inst_art
Info (12021): Found 1 design units, including 1 entities, in source file decod_inst_trf.bdf
    Info (12023): Found entity 1: decod_inst_trf
Info (12021): Found 1 design units, including 1 entities, in source file decod_inst_trf_interno.bdf
    Info (12023): Found entity 1: decod_inst_trf_interno
Info (12021): Found 1 design units, including 1 entities, in source file decod_inst_signal_register.bdf
    Info (12023): Found entity 1: decod_inst_signal_register
Info (12021): Found 1 design units, including 1 entities, in source file decod_inst_dsv.bdf
    Info (12023): Found entity 1: decod_inst_dsv
Info (12021): Found 1 design units, including 1 entities, in source file decod_inst_dsv_calc_ldcnt.bdf
    Info (12023): Found entity 1: decod_inst_dsv_calc_LDCNT
Info (12021): Found 1 design units, including 1 entities, in source file mux8x4.bdf
    Info (12023): Found entity 1: mux8x4
Info (12021): Found 1 design units, including 1 entities, in source file testemux8x4.bdf
    Info (12023): Found entity 1: Testemux8x4
Info (12021): Found 1 design units, including 1 entities, in source file mux16x4.bdf
    Info (12023): Found entity 1: mux16x4
Info (12021): Found 1 design units, including 1 entities, in source file testemux16x4.bdf
    Info (12023): Found entity 1: Testemux16x4
Info (12021): Found 1 design units, including 1 entities, in source file mux16x8.bdf
    Info (12023): Found entity 1: mux16x8
Info (12021): Found 1 design units, including 1 entities, in source file testemux16x8.bdf
    Info (12023): Found entity 1: Testemux16x8
Info (12021): Found 1 design units, including 1 entities, in source file cpu.bdf
    Info (12023): Found entity 1: cpu
Info (12127): Elaborating entity "cpu" for the top level hierarchy
Info (12128): Elaborating entity "decod_inst_trf" for hierarchy "decod_inst_trf:inst12"
Info (12128): Elaborating entity "decod_inst_signal_register" for hierarchy "decod_inst_trf:inst12|decod_inst_signal_register:inst15"
Info (12128): Elaborating entity "decod_inst_trf_interno" for hierarchy "decod_inst_trf:inst12|decod_inst_trf_interno:inst"
Info (12128): Elaborating entity "decod_inst_dsv" for hierarchy "decod_inst_dsv:inst8"
Info (12128): Elaborating entity "decod_inst_dsv_calc_LDCNT" for hierarchy "decod_inst_dsv:inst8|decod_inst_dsv_calc_LDCNT:inst2"
Warning (12125): Using design file /users/mateu/documentos unicamp/2022-2/ea773/lab5/decoderbin_oneh/decoderbin_oneh.bdf, which is not specified as a design file for the current project, but contains definitions for 1 design units and 1 entities in project
    Info (12023): Found entity 1: decoderBIN_ONEH
Info (12128): Elaborating entity "decoderBIN_ONEH" for hierarchy "decod_inst_dsv:inst8|decoderBIN_ONEH:inst"
Warning (12125): Using design file /users/mateu/documentos unicamp/2022-2/ea773/lab4/bus_ula/bus_ula.bdf, which is not specified as a design file for the current project, but contains definitions for 1 design units and 1 entities in project
    Info (12023): Found entity 1: bus_ula
Info (12128): Elaborating entity "bus_ula" for hierarchy "bus_ula:inst16"
Warning (12125): Using design file /users/mateu/documentos unicamp/2022-2/ea773/lab3/registrador_4_bits_restored/registrador_4_bits.bdf, which is not specified as a design file for the current project, but contains definitions for 1 design units and 1 entities in project
    Info (12023): Found entity 1: registrador_4_bits
Info (12128): Elaborating entity "registrador_4_bits" for hierarchy "bus_ula:inst16|registrador_4_bits:AC"
Warning (12125): Using design file /users/mateu/documentos unicamp/2022-2/ea773/lab3/registrador_4_bits_restored/registrador_1_bit.bdf, which is not specified as a design file for the current project, but contains definitions for 1 design units and 1 entities in project
    Info (12023): Found entity 1: registrador_1_bit
Info (12128): Elaborating entity "registrador_1_bit" for hierarchy "bus_ula:inst16|registrador_4_bits:AC|registrador_1_bit:inst12"
Warning (12125): Using design file /users/mateu/documentos unicamp/2022-2/ea773/lab2/ula_restored/ula.bdf, which is not specified as a design file for the current project, but contains definitions for 1 design units and 1 entities in project
    Info (12023): Found entity 1: ULA
Info (12128): Elaborating entity "ULA" for hierarchy "bus_ula:inst16|ULA:inst6"
Warning (12125): Using design file /users/mateu/documentos unicamp/2022-2/ea773/lab2/ula_restored/somador_4_bits.bdf, which is not specified as a design file for the current project, but contains definitions for 1 design units and 1 entities in project
    Info (12023): Found entity 1: somador_4_bits
Info (12128): Elaborating entity "somador_4_bits" for hierarchy "bus_ula:inst16|ULA:inst6|somador_4_bits:inst4"
Warning (12125): Using design file /users/mateu/documentos unicamp/2022-2/ea773/lab2/ula_restored/somador_completo.bdf, which is not specified as a design file for the current project, but contains definitions for 1 design units and 1 entities in project
    Info (12023): Found entity 1: somador_completo
Info (12128): Elaborating entity "somador_completo" for hierarchy "bus_ula:inst16|ULA:inst6|somador_4_bits:inst4|somador_completo:inst3"
Warning (12125): Using design file /users/mateu/documentos unicamp/2022-2/ea773/lab2/ula_restored/meio_somador.bdf, which is not specified as a design file for the current project, but contains definitions for 1 design units and 1 entities in project
    Info (12023): Found entity 1: meio_somador
Info (12128): Elaborating entity "meio_somador" for hierarchy "bus_ula:inst16|ULA:inst6|somador_4_bits:inst4|somador_completo:inst3|meio_somador:inst1"
Warning (12125): Using design file /users/mateu/documentos unicamp/2022-2/ea773/lab2/ula_restored/decodificador_ula.bdf, which is not specified as a design file for the current project, but contains definitions for 1 design units and 1 entities in project
    Info (12023): Found entity 1: decodificador_ULA
Info (12128): Elaborating entity "decodificador_ULA" for hierarchy "bus_ula:inst16|ULA:inst6|decodificador_ULA:inst5"
Warning (12125): Using design file /users/mateu/documentos unicamp/2022-2/ea773/lab2/ula_restored/complementa.bdf, which is not specified as a design file for the current project, but contains definitions for 1 design units and 1 entities in project
    Info (12023): Found entity 1: complementa
Info (12128): Elaborating entity "complementa" for hierarchy "bus_ula:inst16|ULA:inst6|complementa:inst"
Warning (12125): Using design file /users/mateu/documentos unicamp/2022-2/ea773/lab2/ula_restored/zera.bdf, which is not specified as a design file for the current project, but contains definitions for 1 design units and 1 entities in project
    Info (12023): Found entity 1: zera
Info (12128): Elaborating entity "zera" for hierarchy "bus_ula:inst16|ULA:inst6|zera:inst3"
Warning (12125): Using design file /users/mateu/documentos unicamp/2022-2/ea773/lab4/bus_tristate/bus_tristate.bdf, which is not specified as a design file for the current project, but contains definitions for 1 design units and 1 entities in project
    Info (12023): Found entity 1: bus_tristate
Info (12128): Elaborating entity "bus_tristate" for hierarchy "bus_ula:inst16|bus_tristate:inst"
Warning (12125): Using design file /users/mateu/documentos unicamp/2022-2/ea773/lab4/decodificador_7seg/bus_decodificador_7seg.bdf, which is not specified as a design file for the current project, but contains definitions for 1 design units and 1 entities in project
    Info (12023): Found entity 1: bus_decodificador_7seg
Info (12128): Elaborating entity "bus_decodificador_7seg" for hierarchy "bus_ula:inst16|bus_decodificador_7seg:inst12"
Info (12128): Elaborating entity "decod_inst_art" for hierarchy "decod_inst_art:inst6"
Info (12128): Elaborating entity "mux16x4" for hierarchy "mux16x4:inst23"
Info (12128): Elaborating entity "mux8x4" for hierarchy "mux8x4:inst14"
Warning (12125): Using design file /users/mateu/documentos unicamp/2022-2/ea773/lab3/contador_mod256/contador_mod_256.bdf, which is not specified as a design file for the current project, but contains definitions for 1 design units and 1 entities in project
    Info (12023): Found entity 1: contador_mod_256
Info (12128): Elaborating entity "contador_mod_256" for hierarchy "contador_mod_256:inst2"
Warning (12125): Using design file /users/mateu/documentos unicamp/2022-2/ea773/lab3/contador_mod16_restored/contador_mod16.bdf, which is not specified as a design file for the current project, but contains definitions for 1 design units and 1 entities in project
    Info (12023): Found entity 1: contador_mod16
Info (12128): Elaborating entity "contador_mod16" for hierarchy "contador_mod_256:inst2|contador_mod16:inst"
Warning (12125): Using design file /users/mateu/documentos unicamp/2022-2/ea773/lab3/contador_mod16_restored/transmite_entrada.bdf, which is not specified as a design file for the current project, but contains definitions for 1 design units and 1 entities in project
    Info (12023): Found entity 1: transmite_entrada
Info (12128): Elaborating entity "transmite_entrada" for hierarchy "contador_mod_256:inst2|contador_mod16:inst|transmite_entrada:inst18"
Info (12128): Elaborating entity "mux16x8" for hierarchy "mux16x8:inst4"
Warning (13046): Tri-state node(s) do not directly drive top-level pin(s)
    Warning (13048): Converted tri-state node "mux16x8:inst4|mux8x4:LS|out[3]" into a selector
    Warning (13048): Converted tri-state node "mux16x8:inst4|mux8x4:LS|out[2]" into a selector
    Warning (13048): Converted tri-state node "mux16x8:inst4|mux8x4:LS|out[1]" into a selector
    Warning (13048): Converted tri-state node "mux16x8:inst4|mux8x4:LS|out[0]" into a selector
    Warning (13048): Converted tri-state node "mux16x8:inst4|mux8x4:MS|out[3]" into a selector
    Warning (13048): Converted tri-state node "mux16x8:inst4|mux8x4:MS|out[2]" into a selector
    Warning (13048): Converted tri-state node "mux16x8:inst4|mux8x4:MS|out[1]" into a selector
    Warning (13048): Converted tri-state node "mux16x8:inst4|mux8x4:MS|out[0]" into a selector
    Warning (13048): Converted tri-state node "decod_inst_dsv:inst8|decod_inst_signal_register:inst4|out" into a selector
    Warning (13048): Converted tri-state node "decod_inst_dsv:inst8|decod_inst_dsv_calc_LDCNT:inst2|LDCNT" into a selector
    Warning (13048): Converted tri-state node "decod_inst_dsv:inst8|decod_inst_signal_register:inst3|out" into a selector
    Warning (13048): Converted tri-state node "decod_inst_trf:inst12|decod_inst_signal_register:inst14|out" into a selector
    Warning (13048): Converted tri-state node "decod_inst_trf:inst12|decod_inst_signal_register:inst13|out" into a selector
    Warning (13048): Converted tri-state node "decod_inst_trf:inst12|decod_inst_signal_register:inst12|out" into a selector
    Warning (13048): Converted tri-state node "decod_inst_trf:inst12|decod_inst_signal_register:inst11|out" into a selector
Warning (13044): Always-enabled tri-state buffer(s) removed
    Warning (13045): Converted the fanout from the always-enabled tri-state buffer "decod_inst_trf:inst12|decod_inst_signal_register:inst17|inst9" to the node "MR0W1" into a wire
    Warning (13045): Converted the fanout from the always-enabled tri-state buffer "mux8x4:inst14|bus_tristate:inst|inst" to the node "dwram[3]" into a wire
    Warning (13045): Converted the fanout from the always-enabled tri-state buffer "mux8x4:inst14|bus_tristate:inst|inst1" to the node "dwram[2]" into a wire
    Warning (13045): Converted the fanout from the always-enabled tri-state buffer "mux8x4:inst14|bus_tristate:inst|inst2" to the node "dwram[1]" into a wire
    Warning (13045): Converted the fanout from the always-enabled tri-state buffer "mux8x4:inst14|bus_tristate:inst|inst3" to the node "dwram[0]" into a wire
    Warning (13045): Converted the fanout from the always-enabled tri-state buffer "decod_inst_trf:inst12|decod_inst_signal_register:inst15|inst9" to the node "RAMSEL" into a wire
Warning (13046): Tri-state node(s) do not directly drive top-level pin(s)
    Warning (13047): Converted the fan-out from the tri-state buffer "bus_ula:inst16|bus_tristate:inst|inst" to the node "bus_ula:inst16|ULA:inst6|decodificador_ULA:inst5|inst9" into an OR gate
    Warning (13047): Converted the fan-out from the tri-state buffer "bus_ula:inst16|bus_tristate:inst|inst1" to the node "bus_ula:inst16|ULA:inst6|decodificador_ULA:inst5|inst" into an OR gate
    Warning (13047): Converted the fan-out from the tri-state buffer "bus_ula:inst16|bus_tristate:inst|inst2" to the node "bus_ula:inst16|ULA:inst6|decodificador_ULA:inst5|inst7" into an OR gate
    Warning (13047): Converted the fan-out from the tri-state buffer "bus_ula:inst16|bus_tristate:inst|inst3" to the node "bus_ula:inst16|ULA:inst6|decodificador_ULA:inst5|inst5" into an OR gate
    Warning (13047): Converted the fan-out from the tri-state buffer "decod_inst_trf:inst12|decod_inst_signal_register:inst16|inst9" to the node "mux8x4:inst14|bus_tristate:inst|inst" into an OR gate
    Warning (13047): Converted the fan-out from the tri-state buffer "mux16x4:inst23|bus_tristate:inst|inst" to the node "bus_ula:inst16|bus_tristate:inst|inst" into an OR gate
    Warning (13047): Converted the fan-out from the tri-state buffer "decod_inst_art:inst6|inst15" to the node "bus_ula:inst16|bus_tristate:inst|inst" into an OR gate
    Warning (13047): Converted the fan-out from the tri-state buffer "mux16x4:inst23|bus_tristate:inst|inst1" to the node "bus_ula:inst16|bus_tristate:inst|inst1" into an OR gate
    Warning (13047): Converted the fan-out from the tri-state buffer "mux16x4:inst23|bus_tristate:inst|inst2" to the node "bus_ula:inst16|bus_tristate:inst|inst2" into an OR gate
    Warning (13047): Converted the fan-out from the tri-state buffer "mux16x4:inst23|bus_tristate:inst|inst3" to the node "bus_ula:inst16|bus_tristate:inst|inst3" into an OR gate
    Warning (13047): Converted the fan-out from the tri-state buffer "decod_inst_trf:inst12|decod_inst_signal_register:inst15|inst9" to the node "decod_inst_trf:inst12|inst24" into an OR gate
Info (16010): Generating hard_block partition "hard_block:auto_generated_inst"
    Info (16011): Adding 0 node(s), including 0 DDIO, 0 PLL, 0 transceiver and 0 LCELL
Info (21057): Implemented 220 device resources after synthesis - the final resource count might be different
    Info (21058): Implemented 18 input pins
    Info (21059): Implemented 47 output pins
    Info (21061): Implemented 155 logic cells
Info: Quartus II 64-Bit Analysis & Synthesis was successful. 0 errors, 52 warnings
    Info: Peak virtual memory: 4602 megabytes
    Info: Processing ended: Fri Nov 18 10:15:04 2022
    Info: Elapsed time: 00:00:02
    Info: Total CPU time (on all processors): 00:00:02


